nohup: ignoring input
./logs/prefix_one_prompt_vit_query_cddb_2_2023-11-07-22:06:15
2023-11-07 22:06:15,860 [trainer.py] => config: configs/prefix_one_prompt/prefix_layers_find_start/cddb_hard/layer3_8.json
2023-11-07 22:06:15,860 [trainer.py] => prefix: prefix_one_prompt
2023-11-07 22:06:15,860 [trainer.py] => dataset: cddb
2023-11-07 22:06:15,860 [trainer.py] => task_name: ['gaugan', 'biggan', 'wild', 'whichfaceisreal', 'san']
2023-11-07 22:06:15,860 [trainer.py] => data_path: /home/aa/cp_prompt/data/CDDB/
2023-11-07 22:06:15,860 [trainer.py] => multiclass: [0, 0, 0, 0, 0]
2023-11-07 22:06:15,860 [trainer.py] => knn_k: 5
2023-11-07 22:06:15,860 [trainer.py] => prefix_tuning: keqv
2023-11-07 22:06:15,860 [trainer.py] => is_fix_share_prompt: True
2023-11-07 22:06:15,860 [trainer.py] => total_sessions: 5
2023-11-07 22:06:15,861 [trainer.py] => memory_size: 0
2023-11-07 22:06:15,861 [trainer.py] => memory_per_class: 0
2023-11-07 22:06:15,861 [trainer.py] => fixed_memory: True
2023-11-07 22:06:15,861 [trainer.py] => shuffle: False
2023-11-07 22:06:15,861 [trainer.py] => init_cls: 2
2023-11-07 22:06:15,861 [trainer.py] => increment: 2
2023-11-07 22:06:15,861 [trainer.py] => model_name: prefix_one_prompt
2023-11-07 22:06:15,861 [trainer.py] => query_type: vit_query
2023-11-07 22:06:15,861 [trainer.py] => embd_dim: 768
2023-11-07 22:06:15,861 [trainer.py] => share_prompt_length: 6
2023-11-07 22:06:15,861 [trainer.py] => prefix_prompt_length: 10
2023-11-07 22:06:15,861 [trainer.py] => prefix_prompt_layers: [3, 4, 5, 6, 7, 8]
2023-11-07 22:06:15,861 [trainer.py] => device: [device(type='cuda', index=2)]
2023-11-07 22:06:15,861 [trainer.py] => seed: 1993
2023-11-07 22:06:15,861 [trainer.py] => EPSILON: 1e-08
2023-11-07 22:06:15,861 [trainer.py] => init_epoch: 50
2023-11-07 22:06:15,861 [trainer.py] => init_lr: 0.01
2023-11-07 22:06:15,861 [trainer.py] => init_milestones: [20, 30, 40]
2023-11-07 22:06:15,861 [trainer.py] => init_lr_decay: 0.1
2023-11-07 22:06:15,861 [trainer.py] => init_weight_decay: 0.0005
2023-11-07 22:06:15,862 [trainer.py] => epochs: 50
2023-11-07 22:06:15,862 [trainer.py] => lrate: 0.01
2023-11-07 22:06:15,862 [trainer.py] => milestones: [20, 30]
2023-11-07 22:06:15,862 [trainer.py] => lrate_decay: 0.1
2023-11-07 22:06:15,862 [trainer.py] => batch_size: 128
2023-11-07 22:06:15,862 [trainer.py] => weight_decay: 0.0002
2023-11-07 22:06:15,862 [trainer.py] => num_workers: 16
2023-11-07 22:06:15,967 [data_manager.py] => [0, 1, 2, 3, 4, 5, 6, 7, 8, 9]
Initializing a generic context
Initial context: "X X X X X X X X X X X X X X X X"
Number of context words (tokens): 16
Initializing a generic context
Initial context: "X X X X X X X X X X X X X X X X"
Number of context words (tokens): 16
Initializing a generic context
Initial context: "X X X X X X X X X X X X X X X X"
Number of context words (tokens): 16
Initializing a generic context
Initial context: "X X X X X X X X X X X X X X X X"
Number of context words (tokens): 16
Initializing a generic context
Initial context: "X X X X X X X X X X X X X X X X"
Number of context words (tokens): 16
2023-11-07 22:06:23,521 [trainer.py] => All params: 149896705
2023-11-07 22:06:23,529 [trainer.py] => Trainable params: 149896705
2023-11-07 22:06:23,530 [prefix_prompt_tuning.py] => Learning on 0-2
Parameters to be updated: {'prefix_prompt.e_p_5', 'prefix_prompt.e_p_8', 'prefix_prompt.e_p_4', 'prefix_prompt.e_p_6', 'prefix_prompt.e_p_3', 'classifier_pool.0.ctx', 'prefix_prompt.e_p_7', 'share_prompt.weight'},count:243200

  0%|          | 0/50 [00:00<?, ?it/s]
Task 0, Epoch 1/50 => Loss 0.477, Train_accy 74.00, Test_accy 95.60:   0%|          | 0/50 [00:56<?, ?it/s]
Task 0, Epoch 1/50 => Loss 0.477, Train_accy 74.00, Test_accy 95.60:   2%|▏         | 1/50 [00:56<45:53, 56.19s/it]
Task 0, Epoch 2/50 => Loss 0.121, Train_accy 95.53, Test_accy 99.05:   2%|▏         | 1/50 [01:42<45:53, 56.19s/it]
Task 0, Epoch 2/50 => Loss 0.121, Train_accy 95.53, Test_accy 99.05:   4%|▍         | 2/50 [01:42<40:22, 50.48s/it]
Task 0, Epoch 3/50 => Loss 0.064, Train_accy 97.48, Test_accy 98.55:   4%|▍         | 2/50 [02:30<40:22, 50.48s/it]
Task 0, Epoch 3/50 => Loss 0.064, Train_accy 97.48, Test_accy 98.55:   6%|▌         | 3/50 [02:30<38:25, 49.05s/it]
Task 0, Epoch 4/50 => Loss 0.040, Train_accy 98.50, Test_accy 99.85:   6%|▌         | 3/50 [03:15<38:25, 49.05s/it]
Task 0, Epoch 4/50 => Loss 0.040, Train_accy 98.50, Test_accy 99.85:   8%|▊         | 4/50 [03:15<36:25, 47.52s/it]
Task 0, Epoch 5/50 => Loss 0.026, Train_accy 99.07, Test_accy 100.00:   8%|▊         | 4/50 [03:56<36:25, 47.52s/it]
Task 0, Epoch 5/50 => Loss 0.026, Train_accy 99.07, Test_accy 100.00:  10%|█         | 5/50 [03:56<33:59, 45.33s/it]
Task 0, Epoch 6/50 => Loss 0.014, Train_accy 99.47, Test_accy 99.95:  10%|█         | 5/50 [04:43<33:59, 45.33s/it] 
Task 0, Epoch 6/50 => Loss 0.014, Train_accy 99.47, Test_accy 99.95:  12%|█▏        | 6/50 [04:43<33:43, 46.00s/it]
Task 0, Epoch 7/50 => Loss 0.012, Train_accy 99.67, Test_accy 100.00:  12%|█▏        | 6/50 [05:26<33:43, 46.00s/it]
Task 0, Epoch 7/50 => Loss 0.012, Train_accy 99.67, Test_accy 100.00:  14%|█▍        | 7/50 [05:26<32:11, 44.91s/it]
Task 0, Epoch 8/50 => Loss 0.013, Train_accy 99.60, Test_accy 99.90:  14%|█▍        | 7/50 [06:09<32:11, 44.91s/it] 
Task 0, Epoch 8/50 => Loss 0.013, Train_accy 99.60, Test_accy 99.90:  16%|█▌        | 8/50 [06:09<30:55, 44.18s/it]
Task 0, Epoch 9/50 => Loss 0.014, Train_accy 99.52, Test_accy 100.00:  16%|█▌        | 8/50 [06:49<30:55, 44.18s/it]
Task 0, Epoch 9/50 => Loss 0.014, Train_accy 99.52, Test_accy 100.00:  18%|█▊        | 9/50 [06:49<29:19, 42.91s/it]
Task 0, Epoch 10/50 => Loss 0.012, Train_accy 99.57, Test_accy 99.85:  18%|█▊        | 9/50 [07:30<29:19, 42.91s/it]
Task 0, Epoch 10/50 => Loss 0.012, Train_accy 99.57, Test_accy 99.85:  20%|██        | 10/50 [07:30<28:18, 42.46s/it]
Task 0, Epoch 11/50 => Loss 0.005, Train_accy 99.90, Test_accy 100.00:  20%|██        | 10/50 [08:08<28:18, 42.46s/it]
Task 0, Epoch 11/50 => Loss 0.005, Train_accy 99.90, Test_accy 100.00:  22%|██▏       | 11/50 [08:08<26:34, 40.89s/it]
Task 0, Epoch 12/50 => Loss 0.012, Train_accy 99.50, Test_accy 100.00:  22%|██▏       | 11/50 [08:46<26:34, 40.89s/it]
Task 0, Epoch 12/50 => Loss 0.012, Train_accy 99.50, Test_accy 100.00:  24%|██▍       | 12/50 [08:46<25:28, 40.23s/it]
Task 0, Epoch 13/50 => Loss 0.008, Train_accy 99.65, Test_accy 100.00:  24%|██▍       | 12/50 [09:29<25:28, 40.23s/it]
Task 0, Epoch 13/50 => Loss 0.008, Train_accy 99.65, Test_accy 100.00:  26%|██▌       | 13/50 [09:29<25:15, 40.95s/it]
Task 0, Epoch 14/50 => Loss 0.005, Train_accy 99.83, Test_accy 99.90:  26%|██▌       | 13/50 [10:08<25:15, 40.95s/it] 
Task 0, Epoch 14/50 => Loss 0.005, Train_accy 99.83, Test_accy 99.90:  28%|██▊       | 14/50 [10:08<24:13, 40.37s/it]
Task 0, Epoch 15/50 => Loss 0.005, Train_accy 99.78, Test_accy 100.00:  28%|██▊       | 14/50 [10:48<24:13, 40.37s/it]
Task 0, Epoch 15/50 => Loss 0.005, Train_accy 99.78, Test_accy 100.00:  30%|███       | 15/50 [10:48<23:26, 40.18s/it]
Task 0, Epoch 16/50 => Loss 0.006, Train_accy 99.87, Test_accy 100.00:  30%|███       | 15/50 [11:31<23:26, 40.18s/it]
Task 0, Epoch 16/50 => Loss 0.006, Train_accy 99.87, Test_accy 100.00:  32%|███▏      | 16/50 [11:31<23:16, 41.06s/it]
Task 0, Epoch 17/50 => Loss 0.005, Train_accy 99.82, Test_accy 100.00:  32%|███▏      | 16/50 [12:10<23:16, 41.06s/it]
Task 0, Epoch 17/50 => Loss 0.005, Train_accy 99.82, Test_accy 100.00:  34%|███▍      | 17/50 [12:10<22:19, 40.60s/it]
Task 0, Epoch 18/50 => Loss 0.007, Train_accy 99.82, Test_accy 100.00:  34%|███▍      | 17/50 [12:47<22:19, 40.60s/it]
Task 0, Epoch 18/50 => Loss 0.007, Train_accy 99.82, Test_accy 100.00:  36%|███▌      | 18/50 [12:47<21:03, 39.50s/it]
Task 0, Epoch 19/50 => Loss 0.004, Train_accy 99.85, Test_accy 100.00:  36%|███▌      | 18/50 [13:28<21:03, 39.50s/it]
Task 0, Epoch 19/50 => Loss 0.004, Train_accy 99.85, Test_accy 100.00:  38%|███▊      | 19/50 [13:28<20:38, 39.96s/it]
Task 0, Epoch 20/50 => Loss 0.004, Train_accy 99.88, Test_accy 100.00:  38%|███▊      | 19/50 [14:09<20:38, 39.96s/it]
Task 0, Epoch 20/50 => Loss 0.004, Train_accy 99.88, Test_accy 100.00:  40%|████      | 20/50 [14:09<20:05, 40.19s/it]
Task 0, Epoch 21/50 => Loss 0.010, Train_accy 99.70, Test_accy 99.85:  40%|████      | 20/50 [14:46<20:05, 40.19s/it] 
Task 0, Epoch 21/50 => Loss 0.010, Train_accy 99.70, Test_accy 99.85:  42%|████▏     | 21/50 [14:46<18:55, 39.15s/it]
Task 0, Epoch 22/50 => Loss 0.005, Train_accy 99.83, Test_accy 100.00:  42%|████▏     | 21/50 [15:28<18:55, 39.15s/it]
Task 0, Epoch 22/50 => Loss 0.005, Train_accy 99.83, Test_accy 100.00:  44%|████▍     | 22/50 [15:28<18:43, 40.13s/it]
Task 0, Epoch 23/50 => Loss 0.003, Train_accy 99.90, Test_accy 100.00:  44%|████▍     | 22/50 [16:07<18:43, 40.13s/it]
Task 0, Epoch 23/50 => Loss 0.003, Train_accy 99.90, Test_accy 100.00:  46%|████▌     | 23/50 [16:07<17:55, 39.82s/it]
Task 0, Epoch 24/50 => Loss 0.002, Train_accy 99.95, Test_accy 99.95:  46%|████▌     | 23/50 [16:50<17:55, 39.82s/it] 
Task 0, Epoch 24/50 => Loss 0.002, Train_accy 99.95, Test_accy 99.95:  48%|████▊     | 24/50 [16:50<17:34, 40.56s/it]
Task 0, Epoch 25/50 => Loss 0.001, Train_accy 99.95, Test_accy 99.90:  48%|████▊     | 24/50 [17:29<17:34, 40.56s/it]
Task 0, Epoch 25/50 => Loss 0.001, Train_accy 99.95, Test_accy 99.90:  50%|█████     | 25/50 [17:29<16:44, 40.19s/it]
Task 0, Epoch 26/50 => Loss 0.002, Train_accy 99.93, Test_accy 99.85:  50%|█████     | 25/50 [18:06<16:44, 40.19s/it]
Task 0, Epoch 26/50 => Loss 0.002, Train_accy 99.93, Test_accy 99.85:  52%|█████▏    | 26/50 [18:06<15:40, 39.19s/it]
Task 0, Epoch 27/50 => Loss 0.002, Train_accy 99.88, Test_accy 99.90:  52%|█████▏    | 26/50 [18:44<15:40, 39.19s/it]
Task 0, Epoch 27/50 => Loss 0.002, Train_accy 99.88, Test_accy 99.90:  54%|█████▍    | 27/50 [18:44<14:52, 38.81s/it]
Task 0, Epoch 28/50 => Loss 0.002, Train_accy 99.95, Test_accy 100.00:  54%|█████▍    | 27/50 [19:22<14:52, 38.81s/it]
Task 0, Epoch 28/50 => Loss 0.002, Train_accy 99.95, Test_accy 100.00:  56%|█████▌    | 28/50 [19:22<14:09, 38.62s/it]
Task 0, Epoch 29/50 => Loss 0.002, Train_accy 99.90, Test_accy 99.90:  56%|█████▌    | 28/50 [20:04<14:09, 38.62s/it] 
Task 0, Epoch 29/50 => Loss 0.002, Train_accy 99.90, Test_accy 99.90:  58%|█████▊    | 29/50 [20:04<13:52, 39.66s/it]
Task 0, Epoch 30/50 => Loss 0.006, Train_accy 99.77, Test_accy 100.00:  58%|█████▊    | 29/50 [20:45<13:52, 39.66s/it]
Task 0, Epoch 30/50 => Loss 0.006, Train_accy 99.77, Test_accy 100.00:  60%|██████    | 30/50 [20:45<13:19, 39.95s/it]
Task 0, Epoch 31/50 => Loss 0.003, Train_accy 99.92, Test_accy 100.00:  60%|██████    | 30/50 [21:26<13:19, 39.95s/it]
Task 0, Epoch 31/50 => Loss 0.003, Train_accy 99.92, Test_accy 100.00:  62%|██████▏   | 31/50 [21:26<12:45, 40.30s/it]
Task 0, Epoch 32/50 => Loss 0.004, Train_accy 99.90, Test_accy 100.00:  62%|██████▏   | 31/50 [22:07<12:45, 40.30s/it]
Task 0, Epoch 32/50 => Loss 0.004, Train_accy 99.90, Test_accy 100.00:  64%|██████▍   | 32/50 [22:07<12:09, 40.52s/it]
Task 0, Epoch 33/50 => Loss 0.004, Train_accy 99.88, Test_accy 100.00:  64%|██████▍   | 32/50 [22:49<12:09, 40.52s/it]
Task 0, Epoch 33/50 => Loss 0.004, Train_accy 99.88, Test_accy 100.00:  66%|██████▌   | 33/50 [22:49<11:36, 40.97s/it]
Task 0, Epoch 34/50 => Loss 0.002, Train_accy 99.97, Test_accy 100.00:  66%|██████▌   | 33/50 [23:32<11:36, 40.97s/it]
Task 0, Epoch 34/50 => Loss 0.002, Train_accy 99.97, Test_accy 100.00:  68%|██████▊   | 34/50 [23:32<11:06, 41.65s/it]
Task 0, Epoch 35/50 => Loss 0.002, Train_accy 99.93, Test_accy 100.00:  68%|██████▊   | 34/50 [24:17<11:06, 41.65s/it]
Task 0, Epoch 35/50 => Loss 0.002, Train_accy 99.93, Test_accy 100.00:  70%|███████   | 35/50 [24:17<10:40, 42.70s/it]
Task 0, Epoch 36/50 => Loss 0.001, Train_accy 99.93, Test_accy 99.95:  70%|███████   | 35/50 [25:01<10:40, 42.70s/it] 
Task 0, Epoch 36/50 => Loss 0.001, Train_accy 99.93, Test_accy 99.95:  72%|███████▏  | 36/50 [25:01<10:02, 43.07s/it]
Task 0, Epoch 37/50 => Loss 0.002, Train_accy 99.95, Test_accy 99.95:  72%|███████▏  | 36/50 [25:46<10:02, 43.07s/it]
Task 0, Epoch 37/50 => Loss 0.002, Train_accy 99.95, Test_accy 99.95:  74%|███████▍  | 37/50 [25:46<09:28, 43.71s/it]
Task 0, Epoch 38/50 => Loss 0.001, Train_accy 99.97, Test_accy 100.00:  74%|███████▍  | 37/50 [26:35<09:28, 43.71s/it]
Task 0, Epoch 38/50 => Loss 0.001, Train_accy 99.97, Test_accy 100.00:  76%|███████▌  | 38/50 [26:35<09:04, 45.36s/it]
Task 0, Epoch 39/50 => Loss 0.002, Train_accy 99.95, Test_accy 99.95:  76%|███████▌  | 38/50 [27:22<09:04, 45.36s/it] 
Task 0, Epoch 39/50 => Loss 0.002, Train_accy 99.95, Test_accy 99.95:  78%|███████▊  | 39/50 [27:22<08:24, 45.84s/it]
Task 0, Epoch 40/50 => Loss 0.002, Train_accy 99.93, Test_accy 99.95:  78%|███████▊  | 39/50 [28:00<08:24, 45.84s/it]
Task 0, Epoch 40/50 => Loss 0.002, Train_accy 99.93, Test_accy 99.95:  80%|████████  | 40/50 [28:00<07:13, 43.35s/it]
Task 0, Epoch 41/50 => Loss 0.001, Train_accy 99.93, Test_accy 100.00:  80%|████████  | 40/50 [28:39<07:13, 43.35s/it]
Task 0, Epoch 41/50 => Loss 0.001, Train_accy 99.93, Test_accy 100.00:  82%|████████▏ | 41/50 [28:39<06:17, 41.99s/it]
Task 0, Epoch 42/50 => Loss 0.001, Train_accy 99.93, Test_accy 100.00:  82%|████████▏ | 41/50 [29:22<06:17, 41.99s/it]
Task 0, Epoch 42/50 => Loss 0.001, Train_accy 99.93, Test_accy 100.00:  84%|████████▍ | 42/50 [29:22<05:39, 42.44s/it]
Task 0, Epoch 43/50 => Loss 0.002, Train_accy 99.95, Test_accy 100.00:  84%|████████▍ | 42/50 [30:06<05:39, 42.44s/it]
Task 0, Epoch 43/50 => Loss 0.002, Train_accy 99.95, Test_accy 100.00:  86%|████████▌ | 43/50 [30:06<05:00, 42.89s/it]
Task 0, Epoch 44/50 => Loss 0.001, Train_accy 99.95, Test_accy 100.00:  86%|████████▌ | 43/50 [30:50<05:00, 42.89s/it]
Task 0, Epoch 44/50 => Loss 0.001, Train_accy 99.95, Test_accy 100.00:  88%|████████▊ | 44/50 [30:50<04:19, 43.30s/it]
Task 0, Epoch 45/50 => Loss 0.002, Train_accy 99.88, Test_accy 100.00:  88%|████████▊ | 44/50 [31:31<04:19, 43.30s/it]
Task 0, Epoch 45/50 => Loss 0.002, Train_accy 99.88, Test_accy 100.00:  90%|█████████ | 45/50 [31:31<03:33, 42.61s/it]
Task 0, Epoch 46/50 => Loss 0.001, Train_accy 99.98, Test_accy 100.00:  90%|█████████ | 45/50 [32:11<03:33, 42.61s/it]
Task 0, Epoch 46/50 => Loss 0.001, Train_accy 99.98, Test_accy 100.00:  92%|█████████▏| 46/50 [32:11<02:47, 41.76s/it]
Task 0, Epoch 47/50 => Loss 0.001, Train_accy 99.98, Test_accy 100.00:  92%|█████████▏| 46/50 [32:57<02:47, 41.76s/it]
Task 0, Epoch 47/50 => Loss 0.001, Train_accy 99.98, Test_accy 100.00:  94%|█████████▍| 47/50 [32:57<02:09, 43.05s/it]
Task 0, Epoch 48/50 => Loss 0.003, Train_accy 99.88, Test_accy 99.95:  94%|█████████▍| 47/50 [33:45<02:09, 43.05s/it] 
Task 0, Epoch 48/50 => Loss 0.003, Train_accy 99.88, Test_accy 99.95:  96%|█████████▌| 48/50 [33:45<01:29, 44.53s/it]
Task 0, Epoch 49/50 => Loss 0.001, Train_accy 99.97, Test_accy 100.00:  96%|█████████▌| 48/50 [34:31<01:29, 44.53s/it]
Task 0, Epoch 49/50 => Loss 0.001, Train_accy 99.97, Test_accy 100.00:  98%|█████████▊| 49/50 [34:31<00:45, 45.01s/it]
Task 0, Epoch 50/50 => Loss 0.001, Train_accy 99.97, Test_accy 100.00:  98%|█████████▊| 49/50 [35:10<00:45, 45.01s/it]
Task 0, Epoch 50/50 => Loss 0.001, Train_accy 99.97, Test_accy 100.00: 100%|██████████| 50/50 [35:10<00:00, 42.97s/it]
Task 0, Epoch 50/50 => Loss 0.001, Train_accy 99.97, Test_accy 100.00: 100%|██████████| 50/50 [35:10<00:00, 42.20s/it]2023-11-07 22:41:53,590 [prefix_prompt_tuning.py] => Task 0, Epoch 50/50 => Loss 0.001, Train_accy 99.97, Test_accy 100.00

2023-11-07 22:42:44,289 [trainer.py] => CNN: {'total': 100.0, '00-01': 100.0, 'old': 0, 'new': 100.0}
2023-11-07 22:42:44,302 [trainer.py] => CNN top1 curve: [100.0]
2023-11-07 22:42:44,303 [trainer.py] => All params: 149896705
2023-11-07 22:42:44,304 [trainer.py] => Trainable params: 243200
2023-11-07 22:42:44,304 [prefix_prompt_tuning.py] => Learning on 2-4
Parameters to be updated: {'prefix_prompt.e_p_5', 'classifier_pool.1.ctx', 'prefix_prompt.e_p_8', 'prefix_prompt.e_p_4', 'prefix_prompt.e_p_6', 'prefix_prompt.e_p_3', 'prefix_prompt.e_p_7', 'share_prompt.weight'},count:243200

  0%|          | 0/50 [00:00<?, ?it/s]
Task 1, Epoch 1/50 => Loss 0.657, Train_accy 60.67, Test_accy 90.46:   0%|          | 0/50 [00:27<?, ?it/s]
Task 1, Epoch 1/50 => Loss 0.657, Train_accy 60.67, Test_accy 90.46:   2%|▏         | 1/50 [00:27<22:09, 27.13s/it]
Task 1, Epoch 2/50 => Loss 0.328, Train_accy 85.29, Test_accy 96.46:   2%|▏         | 1/50 [00:57<22:09, 27.13s/it]
Task 1, Epoch 2/50 => Loss 0.328, Train_accy 85.29, Test_accy 96.46:   4%|▍         | 2/50 [00:57<23:18, 29.14s/it]
Task 1, Epoch 3/50 => Loss 0.190, Train_accy 92.67, Test_accy 98.14:   4%|▍         | 2/50 [01:24<23:18, 29.14s/it]
Task 1, Epoch 3/50 => Loss 0.190, Train_accy 92.67, Test_accy 98.14:   6%|▌         | 3/50 [01:24<22:03, 28.15s/it]
Task 1, Epoch 4/50 => Loss 0.121, Train_accy 95.79, Test_accy 96.93:   6%|▌         | 3/50 [01:57<22:03, 28.15s/it]
Task 1, Epoch 4/50 => Loss 0.121, Train_accy 95.79, Test_accy 96.93:   8%|▊         | 4/50 [01:57<23:05, 30.12s/it]
Task 1, Epoch 5/50 => Loss 0.073, Train_accy 97.46, Test_accy 99.36:   8%|▊         | 4/50 [02:31<23:05, 30.12s/it]
Task 1, Epoch 5/50 => Loss 0.073, Train_accy 97.46, Test_accy 99.36:  10%|█         | 5/50 [02:31<23:38, 31.53s/it]
Task 1, Epoch 6/50 => Loss 0.048, Train_accy 98.50, Test_accy 97.61:  10%|█         | 5/50 [02:59<23:38, 31.53s/it]
Task 1, Epoch 6/50 => Loss 0.048, Train_accy 98.50, Test_accy 97.61:  12%|█▏        | 6/50 [02:59<22:13, 30.31s/it]
Task 1, Epoch 7/50 => Loss 0.057, Train_accy 98.08, Test_accy 99.14:  12%|█▏        | 6/50 [03:28<22:13, 30.31s/it]
Task 1, Epoch 7/50 => Loss 0.057, Train_accy 98.08, Test_accy 99.14:  14%|█▍        | 7/50 [03:28<21:15, 29.67s/it]
Task 1, Epoch 8/50 => Loss 0.032, Train_accy 98.88, Test_accy 99.61:  14%|█▍        | 7/50 [03:52<21:15, 29.67s/it]
Task 1, Epoch 8/50 => Loss 0.032, Train_accy 98.88, Test_accy 99.61:  16%|█▌        | 8/50 [03:52<19:37, 28.04s/it]
Task 1, Epoch 9/50 => Loss 0.035, Train_accy 98.92, Test_accy 97.39:  16%|█▌        | 8/50 [04:22<19:37, 28.04s/it]
Task 1, Epoch 9/50 => Loss 0.035, Train_accy 98.92, Test_accy 97.39:  18%|█▊        | 9/50 [04:22<19:28, 28.49s/it]
Task 1, Epoch 10/50 => Loss 0.045, Train_accy 98.42, Test_accy 99.36:  18%|█▊        | 9/50 [04:51<19:28, 28.49s/it]
Task 1, Epoch 10/50 => Loss 0.045, Train_accy 98.42, Test_accy 99.36:  20%|██        | 10/50 [04:51<19:11, 28.80s/it]
Task 1, Epoch 11/50 => Loss 0.018, Train_accy 99.42, Test_accy 99.32:  20%|██        | 10/50 [05:24<19:11, 28.80s/it]
Task 1, Epoch 11/50 => Loss 0.018, Train_accy 99.42, Test_accy 99.32:  22%|██▏       | 11/50 [05:24<19:34, 30.11s/it]
Task 1, Epoch 12/50 => Loss 0.040, Train_accy 98.29, Test_accy 94.54:  22%|██▏       | 11/50 [05:54<19:34, 30.11s/it]
Task 1, Epoch 12/50 => Loss 0.040, Train_accy 98.29, Test_accy 94.54:  24%|██▍       | 12/50 [05:54<19:00, 30.02s/it]
Task 1, Epoch 13/50 => Loss 0.053, Train_accy 98.00, Test_accy 98.89:  24%|██▍       | 12/50 [06:23<19:00, 30.02s/it]
Task 1, Epoch 13/50 => Loss 0.053, Train_accy 98.00, Test_accy 98.89:  26%|██▌       | 13/50 [06:23<18:18, 29.69s/it]
Task 1, Epoch 14/50 => Loss 0.045, Train_accy 98.50, Test_accy 99.18:  26%|██▌       | 13/50 [06:51<18:18, 29.69s/it]
Task 1, Epoch 14/50 => Loss 0.045, Train_accy 98.50, Test_accy 99.18:  28%|██▊       | 14/50 [06:51<17:30, 29.18s/it]
Task 1, Epoch 15/50 => Loss 0.026, Train_accy 99.04, Test_accy 99.50:  28%|██▊       | 14/50 [07:16<17:30, 29.18s/it]
Task 1, Epoch 15/50 => Loss 0.026, Train_accy 99.04, Test_accy 99.50:  30%|███       | 15/50 [07:16<16:20, 28.00s/it]
Task 1, Epoch 16/50 => Loss 0.019, Train_accy 99.58, Test_accy 99.32:  30%|███       | 15/50 [07:42<16:20, 28.00s/it]
Task 1, Epoch 16/50 => Loss 0.019, Train_accy 99.58, Test_accy 99.32:  32%|███▏      | 16/50 [07:42<15:27, 27.29s/it]
Task 1, Epoch 17/50 => Loss 0.018, Train_accy 99.38, Test_accy 99.64:  32%|███▏      | 16/50 [08:06<15:27, 27.29s/it]
Task 1, Epoch 17/50 => Loss 0.018, Train_accy 99.38, Test_accy 99.64:  34%|███▍      | 17/50 [08:06<14:33, 26.46s/it]
Task 1, Epoch 18/50 => Loss 0.010, Train_accy 99.75, Test_accy 99.64:  34%|███▍      | 17/50 [08:32<14:33, 26.46s/it]
Task 1, Epoch 18/50 => Loss 0.010, Train_accy 99.75, Test_accy 99.64:  36%|███▌      | 18/50 [08:32<14:00, 26.27s/it]
Task 1, Epoch 19/50 => Loss 0.010, Train_accy 99.67, Test_accy 99.36:  36%|███▌      | 18/50 [08:59<14:00, 26.27s/it]
Task 1, Epoch 19/50 => Loss 0.010, Train_accy 99.67, Test_accy 99.36:  38%|███▊      | 19/50 [08:59<13:40, 26.48s/it]
Task 1, Epoch 20/50 => Loss 0.013, Train_accy 99.58, Test_accy 98.79:  38%|███▊      | 19/50 [09:27<13:40, 26.48s/it]
Task 1, Epoch 20/50 => Loss 0.013, Train_accy 99.58, Test_accy 98.79:  40%|████      | 20/50 [09:27<13:25, 26.85s/it]
Task 1, Epoch 21/50 => Loss 0.027, Train_accy 99.08, Test_accy 99.64:  40%|████      | 20/50 [09:53<13:25, 26.85s/it]
Task 1, Epoch 21/50 => Loss 0.027, Train_accy 99.08, Test_accy 99.64:  42%|████▏     | 21/50 [09:53<12:54, 26.69s/it]
Task 1, Epoch 22/50 => Loss 0.017, Train_accy 99.46, Test_accy 99.61:  42%|████▏     | 21/50 [10:22<12:54, 26.69s/it]
Task 1, Epoch 22/50 => Loss 0.017, Train_accy 99.46, Test_accy 99.61:  44%|████▍     | 22/50 [10:22<12:44, 27.30s/it]
Task 1, Epoch 23/50 => Loss 0.022, Train_accy 99.33, Test_accy 99.36:  44%|████▍     | 22/50 [10:52<12:44, 27.30s/it]
Task 1, Epoch 23/50 => Loss 0.022, Train_accy 99.33, Test_accy 99.36:  46%|████▌     | 23/50 [10:52<12:37, 28.06s/it]
Task 1, Epoch 24/50 => Loss 0.013, Train_accy 99.50, Test_accy 99.68:  46%|████▌     | 23/50 [11:25<12:37, 28.06s/it]
Task 1, Epoch 24/50 => Loss 0.013, Train_accy 99.50, Test_accy 99.68:  48%|████▊     | 24/50 [11:25<12:51, 29.67s/it]
Task 1, Epoch 25/50 => Loss 0.015, Train_accy 99.50, Test_accy 99.36:  48%|████▊     | 24/50 [11:53<12:51, 29.67s/it]
Task 1, Epoch 25/50 => Loss 0.015, Train_accy 99.50, Test_accy 99.36:  50%|█████     | 25/50 [11:53<12:08, 29.16s/it]
Task 1, Epoch 26/50 => Loss 0.009, Train_accy 99.71, Test_accy 99.75:  50%|█████     | 25/50 [12:21<12:08, 29.16s/it]
Task 1, Epoch 26/50 => Loss 0.009, Train_accy 99.71, Test_accy 99.75:  52%|█████▏    | 26/50 [12:21<11:30, 28.77s/it]
Task 1, Epoch 27/50 => Loss 0.016, Train_accy 99.46, Test_accy 99.71:  52%|█████▏    | 26/50 [12:51<11:30, 28.77s/it]
Task 1, Epoch 27/50 => Loss 0.016, Train_accy 99.46, Test_accy 99.71:  54%|█████▍    | 27/50 [12:51<11:12, 29.23s/it]
Task 1, Epoch 28/50 => Loss 0.012, Train_accy 99.67, Test_accy 99.50:  54%|█████▍    | 27/50 [13:20<11:12, 29.23s/it]
Task 1, Epoch 28/50 => Loss 0.012, Train_accy 99.67, Test_accy 99.50:  56%|█████▌    | 28/50 [13:20<10:40, 29.11s/it]
Task 1, Epoch 29/50 => Loss 0.010, Train_accy 99.54, Test_accy 99.71:  56%|█████▌    | 28/50 [13:45<10:40, 29.11s/it]
Task 1, Epoch 29/50 => Loss 0.010, Train_accy 99.54, Test_accy 99.71:  58%|█████▊    | 29/50 [13:45<09:44, 27.81s/it]
Task 1, Epoch 30/50 => Loss 0.011, Train_accy 99.54, Test_accy 99.79:  58%|█████▊    | 29/50 [14:12<09:44, 27.81s/it]
Task 1, Epoch 30/50 => Loss 0.011, Train_accy 99.54, Test_accy 99.79:  60%|██████    | 30/50 [14:12<09:11, 27.56s/it]
Task 1, Epoch 31/50 => Loss 0.010, Train_accy 99.62, Test_accy 99.75:  60%|██████    | 30/50 [14:39<09:11, 27.56s/it]
Task 1, Epoch 31/50 => Loss 0.010, Train_accy 99.62, Test_accy 99.75:  62%|██████▏   | 31/50 [14:39<08:38, 27.29s/it]
Task 1, Epoch 32/50 => Loss 0.008, Train_accy 99.67, Test_accy 99.64:  62%|██████▏   | 31/50 [15:05<08:38, 27.29s/it]
Task 1, Epoch 32/50 => Loss 0.008, Train_accy 99.67, Test_accy 99.64:  64%|██████▍   | 32/50 [15:05<08:03, 26.88s/it]
Task 1, Epoch 33/50 => Loss 0.005, Train_accy 99.88, Test_accy 99.64:  64%|██████▍   | 32/50 [15:31<08:03, 26.88s/it]
Task 1, Epoch 33/50 => Loss 0.005, Train_accy 99.88, Test_accy 99.64:  66%|██████▌   | 33/50 [15:31<07:33, 26.66s/it]
Task 1, Epoch 34/50 => Loss 0.005, Train_accy 99.79, Test_accy 99.79:  66%|██████▌   | 33/50 [16:01<07:33, 26.66s/it]
Task 1, Epoch 34/50 => Loss 0.005, Train_accy 99.79, Test_accy 99.79:  68%|██████▊   | 34/50 [16:01<07:23, 27.71s/it]
Task 1, Epoch 35/50 => Loss 0.006, Train_accy 99.83, Test_accy 99.75:  68%|██████▊   | 34/50 [16:25<07:23, 27.71s/it]
Task 1, Epoch 35/50 => Loss 0.006, Train_accy 99.83, Test_accy 99.75:  70%|███████   | 35/50 [16:25<06:40, 26.72s/it]
Task 1, Epoch 36/50 => Loss 0.007, Train_accy 99.67, Test_accy 99.64:  70%|███████   | 35/50 [16:52<06:40, 26.72s/it]
Task 1, Epoch 36/50 => Loss 0.007, Train_accy 99.67, Test_accy 99.64:  72%|███████▏  | 36/50 [16:52<06:15, 26.84s/it]
Task 1, Epoch 37/50 => Loss 0.008, Train_accy 99.83, Test_accy 99.64:  72%|███████▏  | 36/50 [17:17<06:15, 26.84s/it]
Task 1, Epoch 37/50 => Loss 0.008, Train_accy 99.83, Test_accy 99.64:  74%|███████▍  | 37/50 [17:17<05:41, 26.27s/it]
Task 1, Epoch 38/50 => Loss 0.007, Train_accy 99.79, Test_accy 99.79:  74%|███████▍  | 37/50 [17:45<05:41, 26.27s/it]
Task 1, Epoch 38/50 => Loss 0.007, Train_accy 99.79, Test_accy 99.79:  76%|███████▌  | 38/50 [17:45<05:21, 26.81s/it]
Task 1, Epoch 39/50 => Loss 0.006, Train_accy 99.75, Test_accy 99.75:  76%|███████▌  | 38/50 [18:11<05:21, 26.81s/it]
Task 1, Epoch 39/50 => Loss 0.006, Train_accy 99.75, Test_accy 99.75:  78%|███████▊  | 39/50 [18:11<04:51, 26.50s/it]
Task 1, Epoch 40/50 => Loss 0.008, Train_accy 99.83, Test_accy 99.75:  78%|███████▊  | 39/50 [18:37<04:51, 26.50s/it]
Task 1, Epoch 40/50 => Loss 0.008, Train_accy 99.83, Test_accy 99.75:  80%|████████  | 40/50 [18:37<04:23, 26.31s/it]
Task 1, Epoch 41/50 => Loss 0.006, Train_accy 99.92, Test_accy 99.68:  80%|████████  | 40/50 [19:03<04:23, 26.31s/it]
Task 1, Epoch 41/50 => Loss 0.006, Train_accy 99.92, Test_accy 99.68:  82%|████████▏ | 41/50 [19:03<03:56, 26.29s/it]
Task 1, Epoch 42/50 => Loss 0.008, Train_accy 99.67, Test_accy 99.64:  82%|████████▏ | 41/50 [19:32<03:56, 26.29s/it]
Task 1, Epoch 42/50 => Loss 0.008, Train_accy 99.67, Test_accy 99.64:  84%|████████▍ | 42/50 [19:32<03:35, 26.94s/it]
Task 1, Epoch 43/50 => Loss 0.005, Train_accy 99.88, Test_accy 99.68:  84%|████████▍ | 42/50 [19:56<03:35, 26.94s/it]
Task 1, Epoch 43/50 => Loss 0.005, Train_accy 99.88, Test_accy 99.68:  86%|████████▌ | 43/50 [19:56<03:03, 26.21s/it]
Task 1, Epoch 44/50 => Loss 0.004, Train_accy 99.92, Test_accy 99.75:  86%|████████▌ | 43/50 [20:23<03:03, 26.21s/it]
Task 1, Epoch 44/50 => Loss 0.004, Train_accy 99.92, Test_accy 99.75:  88%|████████▊ | 44/50 [20:23<02:38, 26.33s/it]
Task 1, Epoch 45/50 => Loss 0.004, Train_accy 99.88, Test_accy 99.75:  88%|████████▊ | 44/50 [20:50<02:38, 26.33s/it]
Task 1, Epoch 45/50 => Loss 0.004, Train_accy 99.88, Test_accy 99.75:  90%|█████████ | 45/50 [20:50<02:13, 26.70s/it]
Task 1, Epoch 46/50 => Loss 0.010, Train_accy 99.54, Test_accy 99.75:  90%|█████████ | 45/50 [21:16<02:13, 26.70s/it]
Task 1, Epoch 46/50 => Loss 0.010, Train_accy 99.54, Test_accy 99.75:  92%|█████████▏| 46/50 [21:16<01:45, 26.35s/it]
Task 1, Epoch 47/50 => Loss 0.005, Train_accy 99.79, Test_accy 99.75:  92%|█████████▏| 46/50 [21:45<01:45, 26.35s/it]
Task 1, Epoch 47/50 => Loss 0.005, Train_accy 99.79, Test_accy 99.75:  94%|█████████▍| 47/50 [21:45<01:21, 27.06s/it]
Task 1, Epoch 48/50 => Loss 0.005, Train_accy 99.83, Test_accy 99.75:  94%|█████████▍| 47/50 [22:09<01:21, 27.06s/it]
Task 1, Epoch 48/50 => Loss 0.005, Train_accy 99.83, Test_accy 99.75:  96%|█████████▌| 48/50 [22:09<00:52, 26.24s/it]
Task 1, Epoch 49/50 => Loss 0.007, Train_accy 99.83, Test_accy 99.75:  96%|█████████▌| 48/50 [22:40<00:52, 26.24s/it]
Task 1, Epoch 49/50 => Loss 0.007, Train_accy 99.83, Test_accy 99.75:  98%|█████████▊| 49/50 [22:40<00:27, 27.74s/it]
Task 1, Epoch 50/50 => Loss 0.006, Train_accy 99.71, Test_accy 99.75:  98%|█████████▊| 49/50 [23:08<00:27, 27.74s/it]
Task 1, Epoch 50/50 => Loss 0.006, Train_accy 99.71, Test_accy 99.75: 100%|██████████| 50/50 [23:08<00:00, 27.76s/it]
Task 1, Epoch 50/50 => Loss 0.006, Train_accy 99.71, Test_accy 99.75: 100%|██████████| 50/50 [23:08<00:00, 27.77s/it]2023-11-07 23:05:52,870 [prefix_prompt_tuning.py] => Task 1, Epoch 50/50 => Loss 0.006, Train_accy 99.71, Test_accy 99.75

2023-11-07 23:06:26,355 [trainer.py] => CNN: {'total': 99.89, '00-01': 99.95, '02-03': 99.75, 'old': 99.95, 'new': 99.75}
2023-11-07 23:06:26,356 [trainer.py] => CNN top1 curve: [100.0, 99.89]
2023-11-07 23:06:26,366 [trainer.py] => All params: 149896705
2023-11-07 23:06:26,368 [trainer.py] => Trainable params: 243200
2023-11-07 23:06:26,368 [prefix_prompt_tuning.py] => Learning on 4-6
Parameters to be updated: {'prefix_prompt.e_p_5', 'prefix_prompt.e_p_8', 'prefix_prompt.e_p_4', 'classifier_pool.2.ctx', 'prefix_prompt.e_p_6', 'prefix_prompt.e_p_3', 'prefix_prompt.e_p_7', 'share_prompt.weight'},count:243200

  0%|          | 0/50 [00:00<?, ?it/s]
Task 2, Epoch 1/50 => Loss 0.673, Train_accy 57.06, Test_accy 72.71:   0%|          | 0/50 [00:45<?, ?it/s]
Task 2, Epoch 1/50 => Loss 0.673, Train_accy 57.06, Test_accy 72.71:   2%|▏         | 1/50 [00:45<37:04, 45.40s/it]
Task 2, Epoch 2/50 => Loss 0.615, Train_accy 66.11, Test_accy 77.61:   2%|▏         | 1/50 [01:29<37:04, 45.40s/it]
Task 2, Epoch 2/50 => Loss 0.615, Train_accy 66.11, Test_accy 77.61:   4%|▍         | 2/50 [01:29<35:44, 44.68s/it]
Task 2, Epoch 3/50 => Loss 0.566, Train_accy 70.23, Test_accy 77.26:   4%|▍         | 2/50 [02:18<35:44, 44.68s/it]
Task 2, Epoch 3/50 => Loss 0.566, Train_accy 70.23, Test_accy 77.26:   6%|▌         | 3/50 [02:18<36:25, 46.50s/it]
Task 2, Epoch 4/50 => Loss 0.529, Train_accy 72.91, Test_accy 78.72:   6%|▌         | 3/50 [02:58<36:25, 46.50s/it]
Task 2, Epoch 4/50 => Loss 0.529, Train_accy 72.91, Test_accy 78.72:   8%|▊         | 4/50 [02:58<33:54, 44.22s/it]
Task 2, Epoch 5/50 => Loss 0.522, Train_accy 73.41, Test_accy 77.46:   8%|▊         | 4/50 [03:40<33:54, 44.22s/it]
Task 2, Epoch 5/50 => Loss 0.522, Train_accy 73.41, Test_accy 77.46:  10%|█         | 5/50 [03:40<32:31, 43.36s/it]
Task 2, Epoch 6/50 => Loss 0.503, Train_accy 74.74, Test_accy 73.00:  10%|█         | 5/50 [04:28<32:31, 43.36s/it]
Task 2, Epoch 6/50 => Loss 0.503, Train_accy 74.74, Test_accy 73.00:  12%|█▏        | 6/50 [04:28<32:59, 44.99s/it]
Task 2, Epoch 7/50 => Loss 0.487, Train_accy 75.90, Test_accy 73.35:  12%|█▏        | 6/50 [05:16<32:59, 44.99s/it]
Task 2, Epoch 7/50 => Loss 0.487, Train_accy 75.90, Test_accy 73.35:  14%|█▍        | 7/50 [05:16<32:49, 45.81s/it]
Task 2, Epoch 8/50 => Loss 0.476, Train_accy 76.06, Test_accy 76.78:  14%|█▍        | 7/50 [06:05<32:49, 45.81s/it]
Task 2, Epoch 8/50 => Loss 0.476, Train_accy 76.06, Test_accy 76.78:  16%|█▌        | 8/50 [06:05<32:42, 46.73s/it]
Task 2, Epoch 9/50 => Loss 0.450, Train_accy 78.14, Test_accy 74.85:  16%|█▌        | 8/50 [06:55<32:42, 46.73s/it]
Task 2, Epoch 9/50 => Loss 0.450, Train_accy 78.14, Test_accy 74.85:  18%|█▊        | 9/50 [06:55<32:44, 47.93s/it]
Task 2, Epoch 10/50 => Loss 0.444, Train_accy 78.66, Test_accy 77.52:  18%|█▊        | 9/50 [07:36<32:44, 47.93s/it]
Task 2, Epoch 10/50 => Loss 0.444, Train_accy 78.66, Test_accy 77.52:  20%|██        | 10/50 [07:36<30:34, 45.86s/it]
Task 2, Epoch 11/50 => Loss 0.442, Train_accy 78.82, Test_accy 73.72:  20%|██        | 10/50 [08:25<30:34, 45.86s/it]
Task 2, Epoch 11/50 => Loss 0.442, Train_accy 78.82, Test_accy 73.72:  22%|██▏       | 11/50 [08:25<30:14, 46.54s/it]
Task 2, Epoch 12/50 => Loss 0.445, Train_accy 78.85, Test_accy 77.26:  22%|██▏       | 11/50 [09:08<30:14, 46.54s/it]
Task 2, Epoch 12/50 => Loss 0.445, Train_accy 78.85, Test_accy 77.26:  24%|██▍       | 12/50 [09:08<28:48, 45.49s/it]
Task 2, Epoch 13/50 => Loss 0.428, Train_accy 79.69, Test_accy 77.01:  24%|██▍       | 12/50 [09:51<28:48, 45.49s/it]
Task 2, Epoch 13/50 => Loss 0.428, Train_accy 79.69, Test_accy 77.01:  26%|██▌       | 13/50 [09:51<27:36, 44.76s/it]
Task 2, Epoch 14/50 => Loss 0.430, Train_accy 79.45, Test_accy 77.38:  26%|██▌       | 13/50 [10:37<27:36, 44.76s/it]
Task 2, Epoch 14/50 => Loss 0.430, Train_accy 79.45, Test_accy 77.38:  28%|██▊       | 14/50 [10:37<27:05, 45.16s/it]
Task 2, Epoch 15/50 => Loss 0.424, Train_accy 80.04, Test_accy 75.04:  28%|██▊       | 14/50 [11:22<27:05, 45.16s/it]
Task 2, Epoch 15/50 => Loss 0.424, Train_accy 80.04, Test_accy 75.04:  30%|███       | 15/50 [11:22<26:19, 45.12s/it]
Task 2, Epoch 16/50 => Loss 0.414, Train_accy 79.96, Test_accy 74.44:  30%|███       | 15/50 [12:06<26:19, 45.12s/it]
Task 2, Epoch 16/50 => Loss 0.414, Train_accy 79.96, Test_accy 74.44:  32%|███▏      | 16/50 [12:06<25:19, 44.70s/it]
Task 2, Epoch 17/50 => Loss 0.399, Train_accy 81.38, Test_accy 77.17:  32%|███▏      | 16/50 [12:53<25:19, 44.70s/it]
Task 2, Epoch 17/50 => Loss 0.399, Train_accy 81.38, Test_accy 77.17:  34%|███▍      | 17/50 [12:53<25:00, 45.46s/it]
Task 2, Epoch 18/50 => Loss 0.405, Train_accy 80.88, Test_accy 75.74:  34%|███▍      | 17/50 [13:41<25:00, 45.46s/it]
Task 2, Epoch 18/50 => Loss 0.405, Train_accy 80.88, Test_accy 75.74:  36%|███▌      | 18/50 [13:41<24:41, 46.28s/it]
Task 2, Epoch 19/50 => Loss 0.400, Train_accy 80.98, Test_accy 75.92:  36%|███▌      | 18/50 [14:28<24:41, 46.28s/it]
Task 2, Epoch 19/50 => Loss 0.400, Train_accy 80.98, Test_accy 75.92:  38%|███▊      | 19/50 [14:28<23:59, 46.42s/it]
Task 2, Epoch 20/50 => Loss 0.391, Train_accy 81.75, Test_accy 76.39:  38%|███▊      | 19/50 [15:17<23:59, 46.42s/it]
Task 2, Epoch 20/50 => Loss 0.391, Train_accy 81.75, Test_accy 76.39:  40%|████      | 20/50 [15:17<23:41, 47.40s/it]
Task 2, Epoch 21/50 => Loss 0.380, Train_accy 81.81, Test_accy 77.87:  40%|████      | 20/50 [16:09<23:41, 47.40s/it]
Task 2, Epoch 21/50 => Loss 0.380, Train_accy 81.81, Test_accy 77.87:  42%|████▏     | 21/50 [16:09<23:27, 48.53s/it]
Task 2, Epoch 22/50 => Loss 0.391, Train_accy 81.80, Test_accy 72.20:  42%|████▏     | 21/50 [17:00<23:27, 48.53s/it]
Task 2, Epoch 22/50 => Loss 0.391, Train_accy 81.80, Test_accy 72.20:  44%|████▍     | 22/50 [17:00<23:01, 49.34s/it]
Task 2, Epoch 23/50 => Loss 0.380, Train_accy 82.10, Test_accy 75.86:  44%|████▍     | 22/50 [17:47<23:01, 49.34s/it]
Task 2, Epoch 23/50 => Loss 0.380, Train_accy 82.10, Test_accy 75.86:  46%|████▌     | 23/50 [17:47<21:51, 48.56s/it]
Task 2, Epoch 24/50 => Loss 0.356, Train_accy 83.97, Test_accy 77.85:  46%|████▌     | 23/50 [18:35<21:51, 48.56s/it]
Task 2, Epoch 24/50 => Loss 0.356, Train_accy 83.97, Test_accy 77.85:  48%|████▊     | 24/50 [18:35<21:01, 48.51s/it]
Task 2, Epoch 25/50 => Loss 0.351, Train_accy 83.96, Test_accy 74.87:  48%|████▊     | 24/50 [19:21<21:01, 48.51s/it]
Task 2, Epoch 25/50 => Loss 0.351, Train_accy 83.96, Test_accy 74.87:  50%|█████     | 25/50 [19:21<19:52, 47.71s/it]
Task 2, Epoch 26/50 => Loss 0.353, Train_accy 83.99, Test_accy 78.94:  50%|█████     | 25/50 [20:07<19:52, 47.71s/it]
Task 2, Epoch 26/50 => Loss 0.353, Train_accy 83.99, Test_accy 78.94:  52%|█████▏    | 26/50 [20:07<18:54, 47.27s/it]
Task 2, Epoch 27/50 => Loss 0.353, Train_accy 83.57, Test_accy 77.48:  52%|█████▏    | 26/50 [21:02<18:54, 47.27s/it]
Task 2, Epoch 27/50 => Loss 0.353, Train_accy 83.57, Test_accy 77.48:  54%|█████▍    | 27/50 [21:02<19:00, 49.58s/it]
Task 2, Epoch 28/50 => Loss 0.357, Train_accy 83.34, Test_accy 78.04:  54%|█████▍    | 27/50 [21:52<19:00, 49.58s/it]
Task 2, Epoch 28/50 => Loss 0.357, Train_accy 83.34, Test_accy 78.04:  56%|█████▌    | 28/50 [21:52<18:10, 49.59s/it]
Task 2, Epoch 29/50 => Loss 0.361, Train_accy 83.31, Test_accy 77.61:  56%|█████▌    | 28/50 [22:41<18:10, 49.59s/it]
Task 2, Epoch 29/50 => Loss 0.361, Train_accy 83.31, Test_accy 77.61:  58%|█████▊    | 29/50 [22:41<17:19, 49.51s/it]
Task 2, Epoch 30/50 => Loss 0.339, Train_accy 84.75, Test_accy 77.57:  58%|█████▊    | 29/50 [23:29<17:19, 49.51s/it]
Task 2, Epoch 30/50 => Loss 0.339, Train_accy 84.75, Test_accy 77.57:  60%|██████    | 30/50 [23:29<16:22, 49.11s/it]
Task 2, Epoch 31/50 => Loss 0.331, Train_accy 85.20, Test_accy 78.33:  60%|██████    | 30/50 [24:14<16:22, 49.11s/it]
Task 2, Epoch 31/50 => Loss 0.331, Train_accy 85.20, Test_accy 78.33:  62%|██████▏   | 31/50 [24:14<15:09, 47.89s/it]
Task 2, Epoch 32/50 => Loss 0.332, Train_accy 84.86, Test_accy 76.25:  62%|██████▏   | 31/50 [25:02<15:09, 47.89s/it]
Task 2, Epoch 32/50 => Loss 0.332, Train_accy 84.86, Test_accy 76.25:  64%|██████▍   | 32/50 [25:02<14:23, 47.99s/it]
Task 2, Epoch 33/50 => Loss 0.348, Train_accy 84.55, Test_accy 77.89:  64%|██████▍   | 32/50 [25:48<14:23, 47.99s/it]
Task 2, Epoch 33/50 => Loss 0.348, Train_accy 84.55, Test_accy 77.89:  66%|██████▌   | 33/50 [25:48<13:25, 47.37s/it]
Task 2, Epoch 34/50 => Loss 0.337, Train_accy 84.62, Test_accy 76.83:  66%|██████▌   | 33/50 [26:36<13:25, 47.37s/it]
Task 2, Epoch 34/50 => Loss 0.337, Train_accy 84.62, Test_accy 76.83:  68%|██████▊   | 34/50 [26:36<12:41, 47.57s/it]
Task 2, Epoch 35/50 => Loss 0.319, Train_accy 85.52, Test_accy 76.35:  68%|██████▊   | 34/50 [27:24<12:41, 47.57s/it]
Task 2, Epoch 35/50 => Loss 0.319, Train_accy 85.52, Test_accy 76.35:  70%|███████   | 35/50 [27:24<11:53, 47.57s/it]
Task 2, Epoch 36/50 => Loss 0.320, Train_accy 85.50, Test_accy 77.38:  70%|███████   | 35/50 [28:16<11:53, 47.57s/it]
Task 2, Epoch 36/50 => Loss 0.320, Train_accy 85.50, Test_accy 77.38:  72%|███████▏  | 36/50 [28:16<11:25, 48.93s/it]
Task 2, Epoch 37/50 => Loss 0.324, Train_accy 85.23, Test_accy 77.20:  72%|███████▏  | 36/50 [29:05<11:25, 48.93s/it]
Task 2, Epoch 37/50 => Loss 0.324, Train_accy 85.23, Test_accy 77.20:  74%|███████▍  | 37/50 [29:05<10:36, 48.94s/it]
Task 2, Epoch 38/50 => Loss 0.316, Train_accy 85.55, Test_accy 77.54:  74%|███████▍  | 37/50 [29:52<10:36, 48.94s/it]
Task 2, Epoch 38/50 => Loss 0.316, Train_accy 85.55, Test_accy 77.54:  76%|███████▌  | 38/50 [29:52<09:41, 48.43s/it]
Task 2, Epoch 39/50 => Loss 0.310, Train_accy 85.89, Test_accy 77.54:  76%|███████▌  | 38/50 [30:40<09:41, 48.43s/it]
Task 2, Epoch 39/50 => Loss 0.310, Train_accy 85.89, Test_accy 77.54:  78%|███████▊  | 39/50 [30:40<08:51, 48.32s/it]
Task 2, Epoch 40/50 => Loss 0.310, Train_accy 85.97, Test_accy 77.79:  78%|███████▊  | 39/50 [31:26<08:51, 48.32s/it]
Task 2, Epoch 40/50 => Loss 0.310, Train_accy 85.97, Test_accy 77.79:  80%|████████  | 40/50 [31:26<07:54, 47.41s/it]
Task 2, Epoch 41/50 => Loss 0.313, Train_accy 85.84, Test_accy 77.28:  80%|████████  | 40/50 [32:15<07:54, 47.41s/it]
Task 2, Epoch 41/50 => Loss 0.313, Train_accy 85.84, Test_accy 77.28:  82%|████████▏ | 41/50 [32:15<07:12, 48.06s/it]
Task 2, Epoch 42/50 => Loss 0.304, Train_accy 86.32, Test_accy 77.07:  82%|████████▏ | 41/50 [33:05<07:12, 48.06s/it]
Task 2, Epoch 42/50 => Loss 0.304, Train_accy 86.32, Test_accy 77.07:  84%|████████▍ | 42/50 [33:05<06:28, 48.52s/it]
Task 2, Epoch 43/50 => Loss 0.304, Train_accy 86.63, Test_accy 77.34:  84%|████████▍ | 42/50 [33:56<06:28, 48.52s/it]
Task 2, Epoch 43/50 => Loss 0.304, Train_accy 86.63, Test_accy 77.34:  86%|████████▌ | 43/50 [33:56<05:45, 49.29s/it]
Task 2, Epoch 44/50 => Loss 0.299, Train_accy 86.40, Test_accy 77.61:  86%|████████▌ | 43/50 [34:45<05:45, 49.29s/it]
Task 2, Epoch 44/50 => Loss 0.299, Train_accy 86.40, Test_accy 77.61:  88%|████████▊ | 44/50 [34:45<04:55, 49.33s/it]
Task 2, Epoch 45/50 => Loss 0.298, Train_accy 87.15, Test_accy 77.30:  88%|████████▊ | 44/50 [35:38<04:55, 49.33s/it]
Task 2, Epoch 45/50 => Loss 0.298, Train_accy 87.15, Test_accy 77.30:  90%|█████████ | 45/50 [35:38<04:11, 50.30s/it]
Task 2, Epoch 46/50 => Loss 0.304, Train_accy 86.36, Test_accy 77.15:  90%|█████████ | 45/50 [36:27<04:11, 50.30s/it]
Task 2, Epoch 46/50 => Loss 0.304, Train_accy 86.36, Test_accy 77.15:  92%|█████████▏| 46/50 [36:27<03:19, 49.86s/it]
Task 2, Epoch 47/50 => Loss 0.300, Train_accy 86.55, Test_accy 76.87:  92%|█████████▏| 46/50 [37:19<03:19, 49.86s/it]
Task 2, Epoch 47/50 => Loss 0.300, Train_accy 86.55, Test_accy 76.87:  94%|█████████▍| 47/50 [37:19<02:31, 50.49s/it]
Task 2, Epoch 48/50 => Loss 0.296, Train_accy 86.89, Test_accy 77.01:  94%|█████████▍| 47/50 [38:07<02:31, 50.49s/it]
Task 2, Epoch 48/50 => Loss 0.296, Train_accy 86.89, Test_accy 77.01:  96%|█████████▌| 48/50 [38:07<01:39, 49.77s/it]
Task 2, Epoch 49/50 => Loss 0.299, Train_accy 86.74, Test_accy 76.89:  96%|█████████▌| 48/50 [38:47<01:39, 49.77s/it]
Task 2, Epoch 49/50 => Loss 0.299, Train_accy 86.74, Test_accy 76.89:  98%|█████████▊| 49/50 [38:47<00:46, 46.87s/it]
Task 2, Epoch 50/50 => Loss 0.296, Train_accy 86.97, Test_accy 76.85:  98%|█████████▊| 49/50 [39:33<00:46, 46.87s/it]
Task 2, Epoch 50/50 => Loss 0.296, Train_accy 86.97, Test_accy 76.85: 100%|██████████| 50/50 [39:33<00:00, 46.54s/it]
Task 2, Epoch 50/50 => Loss 0.296, Train_accy 86.97, Test_accy 76.85: 100%|██████████| 50/50 [39:33<00:00, 47.46s/it]2023-11-07 23:45:59,419 [prefix_prompt_tuning.py] => Task 2, Epoch 50/50 => Loss 0.296, Train_accy 86.97, Test_accy 76.85

2023-11-07 23:47:03,283 [trainer.py] => CNN: {'total': 94.37, '00-01': 99.95, '02-03': 99.62, '04-05': 86.91, 'old': 99.86, 'new': 86.91}
2023-11-07 23:47:03,284 [trainer.py] => CNN top1 curve: [100.0, 99.89, 94.37]
2023-11-07 23:47:03,291 [trainer.py] => All params: 149896705
2023-11-07 23:47:03,292 [trainer.py] => Trainable params: 243200
2023-11-07 23:47:03,292 [prefix_prompt_tuning.py] => Learning on 6-8
Parameters to be updated: {'prefix_prompt.e_p_5', 'prefix_prompt.e_p_8', 'prefix_prompt.e_p_4', 'prefix_prompt.e_p_6', 'classifier_pool.3.ctx', 'prefix_prompt.e_p_3', 'prefix_prompt.e_p_7', 'share_prompt.weight'},count:243200

  0%|          | 0/50 [00:00<?, ?it/s]
Task 3, Epoch 1/50 => Loss 0.706, Train_accy 56.50, Test_accy 54.46:   0%|          | 0/50 [00:49<?, ?it/s]
Task 3, Epoch 1/50 => Loss 0.706, Train_accy 56.50, Test_accy 54.46:   2%|▏         | 1/50 [00:49<40:43, 49.87s/it]
Task 3, Epoch 2/50 => Loss 0.635, Train_accy 68.42, Test_accy 55.92:   2%|▏         | 1/50 [01:38<40:43, 49.87s/it]
Task 3, Epoch 2/50 => Loss 0.635, Train_accy 68.42, Test_accy 55.92:   4%|▍         | 2/50 [01:38<39:17, 49.11s/it]
Task 3, Epoch 3/50 => Loss 0.513, Train_accy 74.25, Test_accy 71.69:   4%|▍         | 2/50 [02:29<39:17, 49.11s/it]
Task 3, Epoch 3/50 => Loss 0.513, Train_accy 74.25, Test_accy 71.69:   6%|▌         | 3/50 [02:29<39:00, 49.80s/it]
Task 3, Epoch 4/50 => Loss 0.393, Train_accy 82.25, Test_accy 71.10:   6%|▌         | 3/50 [03:16<39:00, 49.80s/it]
Task 3, Epoch 4/50 => Loss 0.393, Train_accy 82.25, Test_accy 71.10:   8%|▊         | 4/50 [03:16<37:32, 48.97s/it]
Task 3, Epoch 5/50 => Loss 0.287, Train_accy 87.92, Test_accy 73.61:   8%|▊         | 4/50 [04:05<37:32, 48.97s/it]
Task 3, Epoch 5/50 => Loss 0.287, Train_accy 87.92, Test_accy 73.61:  10%|█         | 5/50 [04:05<36:47, 49.05s/it]
Task 3, Epoch 6/50 => Loss 0.206, Train_accy 92.67, Test_accy 72.81:  10%|█         | 5/50 [04:54<36:47, 49.05s/it]
Task 3, Epoch 6/50 => Loss 0.206, Train_accy 92.67, Test_accy 72.81:  12%|█▏        | 6/50 [04:54<35:55, 48.98s/it]
Task 3, Epoch 7/50 => Loss 0.182, Train_accy 93.42, Test_accy 68.42:  12%|█▏        | 6/50 [05:43<35:55, 48.98s/it]
Task 3, Epoch 7/50 => Loss 0.182, Train_accy 93.42, Test_accy 68.42:  14%|█▍        | 7/50 [05:43<35:02, 48.89s/it]
Task 3, Epoch 8/50 => Loss 0.277, Train_accy 88.67, Test_accy 70.34:  14%|█▍        | 7/50 [06:32<35:02, 48.89s/it]
Task 3, Epoch 8/50 => Loss 0.277, Train_accy 88.67, Test_accy 70.34:  16%|█▌        | 8/50 [06:32<34:21, 49.08s/it]
Task 3, Epoch 9/50 => Loss 0.171, Train_accy 92.92, Test_accy 73.91:  16%|█▌        | 8/50 [07:20<34:21, 49.08s/it]
Task 3, Epoch 9/50 => Loss 0.171, Train_accy 92.92, Test_accy 73.91:  18%|█▊        | 9/50 [07:20<33:17, 48.72s/it]
Task 3, Epoch 10/50 => Loss 0.127, Train_accy 95.25, Test_accy 71.20:  18%|█▊        | 9/50 [08:11<33:17, 48.72s/it]
Task 3, Epoch 10/50 => Loss 0.127, Train_accy 95.25, Test_accy 71.20:  20%|██        | 10/50 [08:11<32:52, 49.31s/it]
Task 3, Epoch 11/50 => Loss 0.143, Train_accy 94.00, Test_accy 73.11:  20%|██        | 10/50 [09:04<32:52, 49.31s/it]
Task 3, Epoch 11/50 => Loss 0.143, Train_accy 94.00, Test_accy 73.11:  22%|██▏       | 11/50 [09:04<32:48, 50.47s/it]
Task 3, Epoch 12/50 => Loss 0.090, Train_accy 96.83, Test_accy 73.65:  22%|██▏       | 11/50 [09:50<32:48, 50.47s/it]
Task 3, Epoch 12/50 => Loss 0.090, Train_accy 96.83, Test_accy 73.65:  24%|██▍       | 12/50 [09:50<31:06, 49.12s/it]
Task 3, Epoch 13/50 => Loss 0.077, Train_accy 97.00, Test_accy 73.86:  24%|██▍       | 12/50 [10:43<31:06, 49.12s/it]
Task 3, Epoch 13/50 => Loss 0.077, Train_accy 97.00, Test_accy 73.86:  26%|██▌       | 13/50 [10:43<31:04, 50.39s/it]
Task 3, Epoch 14/50 => Loss 0.092, Train_accy 96.58, Test_accy 72.34:  26%|██▌       | 13/50 [11:37<31:04, 50.39s/it]
Task 3, Epoch 14/50 => Loss 0.092, Train_accy 96.58, Test_accy 72.34:  28%|██▊       | 14/50 [11:37<30:51, 51.43s/it]
Task 3, Epoch 15/50 => Loss 0.070, Train_accy 97.42, Test_accy 71.88:  28%|██▊       | 14/50 [12:29<30:51, 51.43s/it]
Task 3, Epoch 15/50 => Loss 0.070, Train_accy 97.42, Test_accy 71.88:  30%|███       | 15/50 [12:29<30:06, 51.62s/it]
Task 3, Epoch 16/50 => Loss 0.064, Train_accy 97.33, Test_accy 75.30:  30%|███       | 15/50 [13:21<30:06, 51.62s/it]
Task 3, Epoch 16/50 => Loss 0.064, Train_accy 97.33, Test_accy 75.30:  32%|███▏      | 16/50 [13:21<29:18, 51.71s/it]
Task 3, Epoch 17/50 => Loss 0.070, Train_accy 97.17, Test_accy 70.57:  32%|███▏      | 16/50 [14:13<29:18, 51.71s/it]
Task 3, Epoch 17/50 => Loss 0.070, Train_accy 97.17, Test_accy 70.57:  34%|███▍      | 17/50 [14:13<28:22, 51.59s/it]
Task 3, Epoch 18/50 => Loss 0.064, Train_accy 97.75, Test_accy 73.84:  34%|███▍      | 17/50 [15:07<28:22, 51.59s/it]
Task 3, Epoch 18/50 => Loss 0.064, Train_accy 97.75, Test_accy 73.84:  36%|███▌      | 18/50 [15:07<28:00, 52.53s/it]
Task 3, Epoch 19/50 => Loss 0.103, Train_accy 96.08, Test_accy 75.30:  36%|███▌      | 18/50 [16:00<28:00, 52.53s/it]
Task 3, Epoch 19/50 => Loss 0.103, Train_accy 96.08, Test_accy 75.30:  38%|███▊      | 19/50 [16:00<27:07, 52.50s/it]
Task 3, Epoch 20/50 => Loss 0.097, Train_accy 96.25, Test_accy 74.31:  38%|███▊      | 19/50 [16:44<27:07, 52.50s/it]
Task 3, Epoch 20/50 => Loss 0.097, Train_accy 96.25, Test_accy 74.31:  40%|████      | 20/50 [16:44<25:01, 50.05s/it]
Task 3, Epoch 21/50 => Loss 0.053, Train_accy 98.08, Test_accy 74.60:  40%|████      | 20/50 [17:35<25:01, 50.05s/it]
Task 3, Epoch 21/50 => Loss 0.053, Train_accy 98.08, Test_accy 74.60:  42%|████▏     | 21/50 [17:35<24:22, 50.44s/it]
Task 3, Epoch 22/50 => Loss 0.057, Train_accy 97.92, Test_accy 74.33:  42%|████▏     | 21/50 [18:26<24:22, 50.44s/it]
Task 3, Epoch 22/50 => Loss 0.057, Train_accy 97.92, Test_accy 74.33:  44%|████▍     | 22/50 [18:26<23:33, 50.48s/it]
Task 3, Epoch 23/50 => Loss 0.044, Train_accy 98.25, Test_accy 75.03:  44%|████▍     | 22/50 [19:13<23:33, 50.48s/it]
Task 3, Epoch 23/50 => Loss 0.044, Train_accy 98.25, Test_accy 75.03:  46%|████▌     | 23/50 [19:13<22:14, 49.43s/it]
Task 3, Epoch 24/50 => Loss 0.042, Train_accy 98.33, Test_accy 72.30:  46%|████▌     | 23/50 [20:02<22:14, 49.43s/it]
Task 3, Epoch 24/50 => Loss 0.042, Train_accy 98.33, Test_accy 72.30:  48%|████▊     | 24/50 [20:02<21:21, 49.29s/it]
Task 3, Epoch 25/50 => Loss 0.047, Train_accy 98.33, Test_accy 70.36:  48%|████▊     | 24/50 [20:52<21:21, 49.29s/it]
Task 3, Epoch 25/50 => Loss 0.047, Train_accy 98.33, Test_accy 70.36:  50%|█████     | 25/50 [20:52<20:39, 49.59s/it]
Task 3, Epoch 26/50 => Loss 0.027, Train_accy 99.17, Test_accy 68.16:  50%|█████     | 25/50 [21:43<20:39, 49.59s/it]
Task 3, Epoch 26/50 => Loss 0.027, Train_accy 99.17, Test_accy 68.16:  52%|█████▏    | 26/50 [21:43<20:00, 50.02s/it]
Task 3, Epoch 27/50 => Loss 0.038, Train_accy 98.75, Test_accy 66.12:  52%|█████▏    | 26/50 [22:32<20:00, 50.02s/it]
Task 3, Epoch 27/50 => Loss 0.038, Train_accy 98.75, Test_accy 66.12:  54%|█████▍    | 27/50 [22:32<19:00, 49.58s/it]
Task 3, Epoch 28/50 => Loss 0.056, Train_accy 97.83, Test_accy 70.70:  54%|█████▍    | 27/50 [23:23<19:00, 49.58s/it]
Task 3, Epoch 28/50 => Loss 0.056, Train_accy 97.83, Test_accy 70.70:  56%|█████▌    | 28/50 [23:23<18:18, 49.94s/it]
Task 3, Epoch 29/50 => Loss 0.034, Train_accy 98.92, Test_accy 72.58:  56%|█████▌    | 28/50 [24:13<18:18, 49.94s/it]
Task 3, Epoch 29/50 => Loss 0.034, Train_accy 98.92, Test_accy 72.58:  58%|█████▊    | 29/50 [24:13<17:28, 49.93s/it]
Task 3, Epoch 30/50 => Loss 0.057, Train_accy 97.67, Test_accy 74.50:  58%|█████▊    | 29/50 [24:58<17:28, 49.93s/it]
Task 3, Epoch 30/50 => Loss 0.057, Train_accy 97.67, Test_accy 74.50:  60%|██████    | 30/50 [24:58<16:14, 48.72s/it]
Task 3, Epoch 31/50 => Loss 0.038, Train_accy 99.00, Test_accy 74.41:  60%|██████    | 30/50 [25:46<16:14, 48.72s/it]
Task 3, Epoch 31/50 => Loss 0.038, Train_accy 99.00, Test_accy 74.41:  62%|██████▏   | 31/50 [25:46<15:20, 48.46s/it]
Task 3, Epoch 32/50 => Loss 0.033, Train_accy 98.92, Test_accy 74.29:  62%|██████▏   | 31/50 [26:40<15:20, 48.46s/it]
Task 3, Epoch 32/50 => Loss 0.033, Train_accy 98.92, Test_accy 74.29:  64%|██████▍   | 32/50 [26:40<15:02, 50.16s/it]
Task 3, Epoch 33/50 => Loss 0.024, Train_accy 99.08, Test_accy 73.46:  64%|██████▍   | 32/50 [27:27<15:02, 50.16s/it]
Task 3, Epoch 33/50 => Loss 0.024, Train_accy 99.08, Test_accy 73.46:  66%|██████▌   | 33/50 [27:27<13:55, 49.15s/it]
Task 3, Epoch 34/50 => Loss 0.028, Train_accy 98.92, Test_accy 72.45:  66%|██████▌   | 33/50 [28:18<13:55, 49.15s/it]
Task 3, Epoch 34/50 => Loss 0.028, Train_accy 98.92, Test_accy 72.45:  68%|██████▊   | 34/50 [28:18<13:14, 49.67s/it]
Task 3, Epoch 35/50 => Loss 0.028, Train_accy 98.83, Test_accy 72.11:  68%|██████▊   | 34/50 [29:02<13:14, 49.67s/it]
Task 3, Epoch 35/50 => Loss 0.028, Train_accy 98.83, Test_accy 72.11:  70%|███████   | 35/50 [29:02<12:00, 48.04s/it]
Task 3, Epoch 36/50 => Loss 0.025, Train_accy 99.25, Test_accy 70.97:  70%|███████   | 35/50 [29:48<12:00, 48.04s/it]
Task 3, Epoch 36/50 => Loss 0.025, Train_accy 99.25, Test_accy 70.97:  72%|███████▏  | 36/50 [29:48<11:01, 47.22s/it]
Task 3, Epoch 37/50 => Loss 0.025, Train_accy 99.17, Test_accy 72.49:  72%|███████▏  | 36/50 [30:38<11:01, 47.22s/it]
Task 3, Epoch 37/50 => Loss 0.025, Train_accy 99.17, Test_accy 72.49:  74%|███████▍  | 37/50 [30:38<10:27, 48.24s/it]
Task 3, Epoch 38/50 => Loss 0.040, Train_accy 98.58, Test_accy 71.21:  74%|███████▍  | 37/50 [31:28<10:27, 48.24s/it]
Task 3, Epoch 38/50 => Loss 0.040, Train_accy 98.58, Test_accy 71.21:  76%|███████▌  | 38/50 [31:28<09:43, 48.66s/it]
Task 3, Epoch 39/50 => Loss 0.029, Train_accy 99.00, Test_accy 72.16:  76%|███████▌  | 38/50 [32:19<09:43, 48.66s/it]
Task 3, Epoch 39/50 => Loss 0.029, Train_accy 99.00, Test_accy 72.16:  78%|███████▊  | 39/50 [32:19<09:02, 49.30s/it]
Task 3, Epoch 40/50 => Loss 0.019, Train_accy 99.42, Test_accy 72.09:  78%|███████▊  | 39/50 [33:06<09:02, 49.30s/it]
Task 3, Epoch 40/50 => Loss 0.019, Train_accy 99.42, Test_accy 72.09:  80%|████████  | 40/50 [33:06<08:06, 48.66s/it]
Task 3, Epoch 41/50 => Loss 0.027, Train_accy 99.00, Test_accy 72.28:  80%|████████  | 40/50 [33:57<08:06, 48.66s/it]
Task 3, Epoch 41/50 => Loss 0.027, Train_accy 99.00, Test_accy 72.28:  82%|████████▏ | 41/50 [33:57<07:25, 49.50s/it]
Task 3, Epoch 42/50 => Loss 0.024, Train_accy 99.17, Test_accy 72.87:  82%|████████▏ | 41/50 [34:50<07:25, 49.50s/it]
Task 3, Epoch 42/50 => Loss 0.024, Train_accy 99.17, Test_accy 72.87:  84%|████████▍ | 42/50 [34:50<06:43, 50.43s/it]
Task 3, Epoch 43/50 => Loss 0.014, Train_accy 99.83, Test_accy 73.13:  84%|████████▍ | 42/50 [35:38<06:43, 50.43s/it]
Task 3, Epoch 43/50 => Loss 0.014, Train_accy 99.83, Test_accy 73.13:  86%|████████▌ | 43/50 [35:38<05:48, 49.78s/it]
Task 3, Epoch 44/50 => Loss 0.037, Train_accy 99.25, Test_accy 72.72:  86%|████████▌ | 43/50 [36:31<05:48, 49.78s/it]
Task 3, Epoch 44/50 => Loss 0.037, Train_accy 99.25, Test_accy 72.72:  88%|████████▊ | 44/50 [36:31<05:04, 50.79s/it]
Task 3, Epoch 45/50 => Loss 0.033, Train_accy 99.33, Test_accy 72.26:  88%|████████▊ | 44/50 [37:22<05:04, 50.79s/it]
Task 3, Epoch 45/50 => Loss 0.033, Train_accy 99.33, Test_accy 72.26:  90%|█████████ | 45/50 [37:22<04:13, 50.67s/it]
Task 3, Epoch 46/50 => Loss 0.019, Train_accy 99.42, Test_accy 72.05:  90%|█████████ | 45/50 [38:10<04:13, 50.67s/it]
Task 3, Epoch 46/50 => Loss 0.019, Train_accy 99.42, Test_accy 72.05:  92%|█████████▏| 46/50 [38:10<03:20, 50.05s/it]
Task 3, Epoch 47/50 => Loss 0.028, Train_accy 99.42, Test_accy 72.26:  92%|█████████▏| 46/50 [39:00<03:20, 50.05s/it]
Task 3, Epoch 47/50 => Loss 0.028, Train_accy 99.42, Test_accy 72.26:  94%|█████████▍| 47/50 [39:00<02:29, 49.91s/it]
Task 3, Epoch 48/50 => Loss 0.020, Train_accy 99.42, Test_accy 72.37:  94%|█████████▍| 47/50 [39:49<02:29, 49.91s/it]
Task 3, Epoch 48/50 => Loss 0.020, Train_accy 99.42, Test_accy 72.37:  96%|█████████▌| 48/50 [39:49<01:39, 49.56s/it]
Task 3, Epoch 49/50 => Loss 0.025, Train_accy 99.33, Test_accy 72.43:  96%|█████████▌| 48/50 [40:36<01:39, 49.56s/it]
Task 3, Epoch 49/50 => Loss 0.025, Train_accy 99.33, Test_accy 72.43:  98%|█████████▊| 49/50 [40:36<00:48, 48.83s/it]
Task 3, Epoch 50/50 => Loss 0.026, Train_accy 99.08, Test_accy 72.51:  98%|█████████▊| 49/50 [41:29<00:48, 48.83s/it]
Task 3, Epoch 50/50 => Loss 0.026, Train_accy 99.08, Test_accy 72.51: 100%|██████████| 50/50 [41:29<00:00, 50.17s/it]
Task 3, Epoch 50/50 => Loss 0.026, Train_accy 99.08, Test_accy 72.51: 100%|██████████| 50/50 [41:29<00:00, 49.79s/it]2023-11-08 00:28:32,886 [prefix_prompt_tuning.py] => Task 3, Epoch 50/50 => Loss 0.026, Train_accy 99.08, Test_accy 72.51

2023-11-08 00:29:23,357 [trainer.py] => CNN: {'total': 94.7, '00-01': 99.95, '02-03': 99.38, '04-05': 86.96, '06-07': 99.0, 'old': 94.35, 'new': 99.0}
2023-11-08 00:29:23,357 [trainer.py] => CNN top1 curve: [100.0, 99.89, 94.37, 94.7]
2023-11-08 00:29:23,359 [trainer.py] => All params: 149896705
2023-11-08 00:29:23,360 [trainer.py] => Trainable params: 243200
2023-11-08 00:29:23,360 [prefix_prompt_tuning.py] => Learning on 8-10
Parameters to be updated: {'prefix_prompt.e_p_5', 'prefix_prompt.e_p_8', 'prefix_prompt.e_p_4', 'prefix_prompt.e_p_6', 'prefix_prompt.e_p_3', 'classifier_pool.4.ctx', 'prefix_prompt.e_p_7', 'share_prompt.weight'},count:243200

  0%|          | 0/50 [00:00<?, ?it/s]
Task 4, Epoch 1/50 => Loss 0.679, Train_accy 50.38, Test_accy 51.24:   0%|          | 0/50 [00:39<?, ?it/s]
Task 4, Epoch 1/50 => Loss 0.679, Train_accy 50.38, Test_accy 51.24:   2%|▏         | 1/50 [00:39<32:21, 39.63s/it]
Task 4, Epoch 2/50 => Loss 0.708, Train_accy 48.85, Test_accy 49.73:   2%|▏         | 1/50 [01:21<32:21, 39.63s/it]
Task 4, Epoch 2/50 => Loss 0.708, Train_accy 48.85, Test_accy 49.73:   4%|▍         | 2/50 [01:21<32:46, 40.98s/it]
Task 4, Epoch 3/50 => Loss 0.696, Train_accy 51.54, Test_accy 58.85:   4%|▍         | 2/50 [01:54<32:46, 40.98s/it]
Task 4, Epoch 3/50 => Loss 0.696, Train_accy 51.54, Test_accy 58.85:   6%|▌         | 3/50 [01:54<29:06, 37.15s/it]
Task 4, Epoch 4/50 => Loss 0.654, Train_accy 73.46, Test_accy 57.93:   6%|▌         | 3/50 [02:30<29:06, 37.15s/it]
Task 4, Epoch 4/50 => Loss 0.654, Train_accy 73.46, Test_accy 57.93:   8%|▊         | 4/50 [02:30<28:18, 36.93s/it]
Task 4, Epoch 5/50 => Loss 0.611, Train_accy 69.62, Test_accy 50.63:   8%|▊         | 4/50 [03:10<28:18, 36.93s/it]
Task 4, Epoch 5/50 => Loss 0.611, Train_accy 69.62, Test_accy 50.63:  10%|█         | 5/50 [03:10<28:27, 37.94s/it]
Task 4, Epoch 6/50 => Loss 0.771, Train_accy 54.62, Test_accy 56.77:  10%|█         | 5/50 [03:44<28:27, 37.94s/it]
Task 4, Epoch 6/50 => Loss 0.771, Train_accy 54.62, Test_accy 56.77:  12%|█▏        | 6/50 [03:44<26:46, 36.52s/it]
Task 4, Epoch 7/50 => Loss 0.474, Train_accy 77.31, Test_accy 62.77:  12%|█▏        | 6/50 [04:17<26:46, 36.52s/it]
Task 4, Epoch 7/50 => Loss 0.474, Train_accy 77.31, Test_accy 62.77:  14%|█▍        | 7/50 [04:17<25:26, 35.49s/it]
Task 4, Epoch 8/50 => Loss 0.386, Train_accy 87.69, Test_accy 50.08:  14%|█▍        | 7/50 [04:55<25:26, 35.49s/it]
Task 4, Epoch 8/50 => Loss 0.386, Train_accy 87.69, Test_accy 50.08:  16%|█▌        | 8/50 [04:55<25:21, 36.23s/it]
Task 4, Epoch 9/50 => Loss 0.690, Train_accy 54.23, Test_accy 55.63:  16%|█▌        | 8/50 [05:28<25:21, 36.23s/it]
Task 4, Epoch 9/50 => Loss 0.690, Train_accy 54.23, Test_accy 55.63:  18%|█▊        | 9/50 [05:28<24:06, 35.29s/it]
Task 4, Epoch 10/50 => Loss 0.608, Train_accy 81.92, Test_accy 58.68:  18%|█▊        | 9/50 [06:02<24:06, 35.29s/it]
Task 4, Epoch 10/50 => Loss 0.608, Train_accy 81.92, Test_accy 58.68:  20%|██        | 10/50 [06:02<23:16, 34.92s/it]
Task 4, Epoch 11/50 => Loss 0.347, Train_accy 87.31, Test_accy 56.06:  20%|██        | 10/50 [06:38<23:16, 34.92s/it]
Task 4, Epoch 11/50 => Loss 0.347, Train_accy 87.31, Test_accy 56.06:  22%|██▏       | 11/50 [06:38<22:54, 35.24s/it]
Task 4, Epoch 12/50 => Loss 0.244, Train_accy 90.77, Test_accy 59.74:  22%|██▏       | 11/50 [07:09<22:54, 35.24s/it]
Task 4, Epoch 12/50 => Loss 0.244, Train_accy 90.77, Test_accy 59.74:  24%|██▍       | 12/50 [07:09<21:27, 33.88s/it]
Task 4, Epoch 13/50 => Loss 0.356, Train_accy 88.08, Test_accy 53.19:  24%|██▍       | 12/50 [07:45<21:27, 33.88s/it]
Task 4, Epoch 13/50 => Loss 0.356, Train_accy 88.08, Test_accy 53.19:  26%|██▌       | 13/50 [07:45<21:23, 34.68s/it]
Task 4, Epoch 14/50 => Loss 0.175, Train_accy 91.54, Test_accy 52.48:  26%|██▌       | 13/50 [08:28<21:23, 34.68s/it]
Task 4, Epoch 14/50 => Loss 0.175, Train_accy 91.54, Test_accy 52.48:  28%|██▊       | 14/50 [08:28<22:18, 37.19s/it]
Task 4, Epoch 15/50 => Loss 0.155, Train_accy 91.54, Test_accy 52.08:  28%|██▊       | 14/50 [09:08<22:18, 37.19s/it]
Task 4, Epoch 15/50 => Loss 0.155, Train_accy 91.54, Test_accy 52.08:  30%|███       | 15/50 [09:08<22:05, 37.87s/it]
Task 4, Epoch 16/50 => Loss 0.178, Train_accy 95.38, Test_accy 51.84:  30%|███       | 15/50 [09:43<22:05, 37.87s/it]
Task 4, Epoch 16/50 => Loss 0.178, Train_accy 95.38, Test_accy 51.84:  32%|███▏      | 16/50 [09:43<21:02, 37.13s/it]
Task 4, Epoch 17/50 => Loss 0.098, Train_accy 95.38, Test_accy 50.79:  32%|███▏      | 16/50 [10:17<21:02, 37.13s/it]
Task 4, Epoch 17/50 => Loss 0.098, Train_accy 95.38, Test_accy 50.79:  34%|███▍      | 17/50 [10:17<19:47, 35.98s/it]
Task 4, Epoch 18/50 => Loss 0.082, Train_accy 96.54, Test_accy 51.04:  34%|███▍      | 17/50 [10:51<19:47, 35.98s/it]
Task 4, Epoch 18/50 => Loss 0.082, Train_accy 96.54, Test_accy 51.04:  36%|███▌      | 18/50 [10:51<18:59, 35.61s/it]
Task 4, Epoch 19/50 => Loss 0.083, Train_accy 95.38, Test_accy 50.59:  36%|███▌      | 18/50 [11:27<18:59, 35.61s/it]
Task 4, Epoch 19/50 => Loss 0.083, Train_accy 95.38, Test_accy 50.59:  38%|███▊      | 19/50 [11:27<18:28, 35.75s/it]
Task 4, Epoch 20/50 => Loss 0.067, Train_accy 96.92, Test_accy 50.31:  38%|███▊      | 19/50 [12:05<18:28, 35.75s/it]
Task 4, Epoch 20/50 => Loss 0.067, Train_accy 96.92, Test_accy 50.31:  40%|████      | 20/50 [12:05<18:06, 36.23s/it]
Task 4, Epoch 21/50 => Loss 0.086, Train_accy 94.23, Test_accy 50.12:  40%|████      | 20/50 [12:38<18:06, 36.23s/it]
Task 4, Epoch 21/50 => Loss 0.086, Train_accy 94.23, Test_accy 50.12:  42%|████▏     | 21/50 [12:38<17:05, 35.36s/it]
Task 4, Epoch 22/50 => Loss 0.063, Train_accy 96.15, Test_accy 51.04:  42%|████▏     | 21/50 [13:11<17:05, 35.36s/it]
Task 4, Epoch 22/50 => Loss 0.063, Train_accy 96.15, Test_accy 51.04:  44%|████▍     | 22/50 [13:11<16:12, 34.75s/it]
Task 4, Epoch 23/50 => Loss 0.080, Train_accy 95.38, Test_accy 51.58:  44%|████▍     | 22/50 [13:42<16:12, 34.75s/it]
Task 4, Epoch 23/50 => Loss 0.080, Train_accy 95.38, Test_accy 51.58:  46%|████▌     | 23/50 [13:42<15:02, 33.43s/it]
Task 4, Epoch 24/50 => Loss 0.057, Train_accy 96.92, Test_accy 51.47:  46%|████▌     | 23/50 [14:12<15:02, 33.43s/it]
Task 4, Epoch 24/50 => Loss 0.057, Train_accy 96.92, Test_accy 51.47:  48%|████▊     | 24/50 [14:12<14:03, 32.44s/it]
Task 4, Epoch 25/50 => Loss 0.078, Train_accy 95.77, Test_accy 51.04:  48%|████▊     | 24/50 [14:42<14:03, 32.44s/it]
Task 4, Epoch 25/50 => Loss 0.078, Train_accy 95.77, Test_accy 51.04:  50%|█████     | 25/50 [14:42<13:15, 31.81s/it]
Task 4, Epoch 26/50 => Loss 0.060, Train_accy 96.92, Test_accy 50.38:  50%|█████     | 25/50 [15:14<13:15, 31.81s/it]
Task 4, Epoch 26/50 => Loss 0.060, Train_accy 96.92, Test_accy 50.38:  52%|█████▏    | 26/50 [15:14<12:39, 31.65s/it]
Task 4, Epoch 27/50 => Loss 0.053, Train_accy 97.31, Test_accy 49.80:  52%|█████▏    | 26/50 [15:43<12:39, 31.65s/it]
Task 4, Epoch 27/50 => Loss 0.053, Train_accy 97.31, Test_accy 49.80:  54%|█████▍    | 27/50 [15:43<11:50, 30.91s/it]
Task 4, Epoch 28/50 => Loss 0.050, Train_accy 96.54, Test_accy 49.77:  54%|█████▍    | 27/50 [16:10<11:50, 30.91s/it]
Task 4, Epoch 28/50 => Loss 0.050, Train_accy 96.54, Test_accy 49.77:  56%|█████▌    | 28/50 [16:10<10:58, 29.93s/it]
Task 4, Epoch 29/50 => Loss 0.323, Train_accy 97.31, Test_accy 47.73:  56%|█████▌    | 28/50 [16:41<10:58, 29.93s/it]
Task 4, Epoch 29/50 => Loss 0.323, Train_accy 97.31, Test_accy 47.73:  58%|█████▊    | 29/50 [16:41<10:35, 30.28s/it]
Task 4, Epoch 30/50 => Loss 0.433, Train_accy 82.31, Test_accy 52.77:  58%|█████▊    | 29/50 [17:17<10:35, 30.28s/it]
Task 4, Epoch 30/50 => Loss 0.433, Train_accy 82.31, Test_accy 52.77:  60%|██████    | 30/50 [17:17<10:37, 31.85s/it]
Task 4, Epoch 31/50 => Loss 0.232, Train_accy 88.08, Test_accy 53.22:  60%|██████    | 30/50 [17:51<10:37, 31.85s/it]
Task 4, Epoch 31/50 => Loss 0.232, Train_accy 88.08, Test_accy 53.22:  62%|██████▏   | 31/50 [17:51<10:16, 32.42s/it]
Task 4, Epoch 32/50 => Loss 0.290, Train_accy 84.62, Test_accy 52.55:  62%|██████▏   | 31/50 [18:25<10:16, 32.42s/it]
Task 4, Epoch 32/50 => Loss 0.290, Train_accy 84.62, Test_accy 52.55:  64%|██████▍   | 32/50 [18:25<09:51, 32.85s/it]
Task 4, Epoch 33/50 => Loss 0.364, Train_accy 86.15, Test_accy 52.68:  64%|██████▍   | 32/50 [18:57<09:51, 32.85s/it]
Task 4, Epoch 33/50 => Loss 0.364, Train_accy 86.15, Test_accy 52.68:  66%|██████▌   | 33/50 [18:57<09:16, 32.76s/it]
Task 4, Epoch 34/50 => Loss 0.154, Train_accy 91.92, Test_accy 52.03:  66%|██████▌   | 33/50 [19:29<09:16, 32.76s/it]
Task 4, Epoch 34/50 => Loss 0.154, Train_accy 91.92, Test_accy 52.03:  68%|██████▊   | 34/50 [19:29<08:41, 32.57s/it]
Task 4, Epoch 35/50 => Loss 0.199, Train_accy 94.23, Test_accy 51.11:  68%|██████▊   | 34/50 [20:02<08:41, 32.57s/it]
Task 4, Epoch 35/50 => Loss 0.199, Train_accy 94.23, Test_accy 51.11:  70%|███████   | 35/50 [20:02<08:10, 32.69s/it]
Task 4, Epoch 36/50 => Loss 0.138, Train_accy 94.62, Test_accy 50.36:  70%|███████   | 35/50 [20:35<08:10, 32.69s/it]
Task 4, Epoch 36/50 => Loss 0.138, Train_accy 94.62, Test_accy 50.36:  72%|███████▏  | 36/50 [20:35<07:36, 32.61s/it]
Task 4, Epoch 37/50 => Loss 0.156, Train_accy 95.38, Test_accy 50.85:  72%|███████▏  | 36/50 [21:07<07:36, 32.61s/it]
Task 4, Epoch 37/50 => Loss 0.156, Train_accy 95.38, Test_accy 50.85:  74%|███████▍  | 37/50 [21:07<07:04, 32.64s/it]
Task 4, Epoch 38/50 => Loss 0.167, Train_accy 96.92, Test_accy 52.03:  74%|███████▍  | 37/50 [21:40<07:04, 32.64s/it]
Task 4, Epoch 38/50 => Loss 0.167, Train_accy 96.92, Test_accy 52.03:  76%|███████▌  | 38/50 [21:40<06:32, 32.69s/it]
Task 4, Epoch 39/50 => Loss 0.092, Train_accy 97.69, Test_accy 52.44:  76%|███████▌  | 38/50 [22:14<06:32, 32.69s/it]
Task 4, Epoch 39/50 => Loss 0.092, Train_accy 97.69, Test_accy 52.44:  78%|███████▊  | 39/50 [22:14<06:02, 32.94s/it]
Task 4, Epoch 40/50 => Loss 0.091, Train_accy 97.31, Test_accy 52.55:  78%|███████▊  | 39/50 [22:42<06:02, 32.94s/it]
Task 4, Epoch 40/50 => Loss 0.091, Train_accy 97.31, Test_accy 52.55:  80%|████████  | 40/50 [22:42<05:15, 31.53s/it]
Task 4, Epoch 41/50 => Loss 0.102, Train_accy 95.00, Test_accy 52.64:  80%|████████  | 40/50 [23:10<05:15, 31.53s/it]
Task 4, Epoch 41/50 => Loss 0.102, Train_accy 95.00, Test_accy 52.64:  82%|████████▏ | 41/50 [23:10<04:34, 30.52s/it]
Task 4, Epoch 42/50 => Loss 0.117, Train_accy 95.77, Test_accy 52.40:  82%|████████▏ | 41/50 [23:45<04:34, 30.52s/it]
Task 4, Epoch 42/50 => Loss 0.117, Train_accy 95.77, Test_accy 52.40:  84%|████████▍ | 42/50 [23:45<04:13, 31.68s/it]
Task 4, Epoch 43/50 => Loss 0.065, Train_accy 96.15, Test_accy 52.51:  84%|████████▍ | 42/50 [24:16<04:13, 31.68s/it]
Task 4, Epoch 43/50 => Loss 0.065, Train_accy 96.15, Test_accy 52.51:  86%|████████▌ | 43/50 [24:16<03:42, 31.75s/it]
Task 4, Epoch 44/50 => Loss 0.070, Train_accy 97.31, Test_accy 52.48:  86%|████████▌ | 43/50 [24:51<03:42, 31.75s/it]
Task 4, Epoch 44/50 => Loss 0.070, Train_accy 97.31, Test_accy 52.48:  88%|████████▊ | 44/50 [24:51<03:14, 32.50s/it]
Task 4, Epoch 45/50 => Loss 0.211, Train_accy 98.08, Test_accy 52.31:  88%|████████▊ | 44/50 [25:20<03:14, 32.50s/it]
Task 4, Epoch 45/50 => Loss 0.211, Train_accy 98.08, Test_accy 52.31:  90%|█████████ | 45/50 [25:20<02:38, 31.67s/it]
Task 4, Epoch 46/50 => Loss 0.108, Train_accy 96.15, Test_accy 52.14:  90%|█████████ | 45/50 [25:50<02:38, 31.67s/it]
Task 4, Epoch 46/50 => Loss 0.108, Train_accy 96.15, Test_accy 52.14:  92%|█████████▏| 46/50 [25:50<02:03, 30.99s/it]
Task 4, Epoch 47/50 => Loss 0.074, Train_accy 97.31, Test_accy 52.14:  92%|█████████▏| 46/50 [26:19<02:03, 30.99s/it]
Task 4, Epoch 47/50 => Loss 0.074, Train_accy 97.31, Test_accy 52.14:  94%|█████████▍| 47/50 [26:19<01:31, 30.58s/it]
Task 4, Epoch 48/50 => Loss 0.095, Train_accy 96.54, Test_accy 52.18:  94%|█████████▍| 47/50 [26:49<01:31, 30.58s/it]
Task 4, Epoch 48/50 => Loss 0.095, Train_accy 96.54, Test_accy 52.18:  96%|█████████▌| 48/50 [26:49<01:00, 30.21s/it]
Task 4, Epoch 49/50 => Loss 0.166, Train_accy 97.31, Test_accy 52.14:  96%|█████████▌| 48/50 [27:22<01:00, 30.21s/it]
Task 4, Epoch 49/50 => Loss 0.166, Train_accy 97.31, Test_accy 52.14:  98%|█████████▊| 49/50 [27:22<00:31, 31.17s/it]
Task 4, Epoch 50/50 => Loss 0.061, Train_accy 95.38, Test_accy 52.08:  98%|█████████▊| 49/50 [27:50<00:31, 31.17s/it]
Task 4, Epoch 50/50 => Loss 0.061, Train_accy 95.38, Test_accy 52.08: 100%|██████████| 50/50 [27:50<00:00, 30.26s/it]
Task 4, Epoch 50/50 => Loss 0.061, Train_accy 95.38, Test_accy 52.08: 100%|██████████| 50/50 [27:50<00:00, 33.42s/it]2023-11-08 00:57:14,193 [prefix_prompt_tuning.py] => Task 4, Epoch 50/50 => Loss 0.061, Train_accy 95.38, Test_accy 52.08

2023-11-08 00:57:45,429 [trainer.py] => CNN: {'total': 93.65, '00-01': 99.5, '02-03': 97.25, '04-05': 86.96, '06-07': 99.0, '08-09': 61.11, 'old': 94.2, 'new': 61.11}
2023-11-08 00:57:45,429 [trainer.py] => CNN top1 curve: [100.0, 99.89, 94.37, 94.7, 93.65]
