nohup: ignoring input
./logs/reproduce_1993_prefix_one_prompt_none_domainnet_345_345_2023-11-29-19:51:02
2023-11-29 19:51:02,328 [trainer.py] => config: configs/prefix_one_prompt/prefix_prompt_length/domainnet/length70.json
2023-11-29 19:51:02,329 [trainer.py] => prefix: prefix_one_prompt
2023-11-29 19:51:02,329 [trainer.py] => dataset: domainnet
2023-11-29 19:51:02,329 [trainer.py] => data_path: /home/aa/cp_prompt/data/domainnet/
2023-11-29 19:51:02,329 [trainer.py] => task_name: ['clipart', 'infograph', 'painting', 'quickdraw', 'real', 'sketch']
2023-11-29 19:51:02,329 [trainer.py] => knn_k: 5
2023-11-29 19:51:02,329 [trainer.py] => prefix_tuning: keqv
2023-11-29 19:51:02,329 [trainer.py] => is_fix_share_prompt: True
2023-11-29 19:51:02,329 [trainer.py] => memory_size: 0
2023-11-29 19:51:02,329 [trainer.py] => memory_per_class: 0
2023-11-29 19:51:02,329 [trainer.py] => fixed_memory: True
2023-11-29 19:51:02,330 [trainer.py] => shuffle: False
2023-11-29 19:51:02,330 [trainer.py] => init_cls: 345
2023-11-29 19:51:02,330 [trainer.py] => increment: 345
2023-11-29 19:51:02,330 [trainer.py] => model_name: prefix_one_prompt
2023-11-29 19:51:02,330 [trainer.py] => net_type: none
2023-11-29 19:51:02,330 [trainer.py] => query_type: vit_query
2023-11-29 19:51:02,330 [trainer.py] => share_prompt_length: 6
2023-11-29 19:51:02,330 [trainer.py] => prefix_prompt_length: 70
2023-11-29 19:51:02,330 [trainer.py] => prefix_prompt_layers: [1, 2, 3, 4, 5, 6, 7, 8, 9, 10]
2023-11-29 19:51:02,330 [trainer.py] => embd_dim: 768
2023-11-29 19:51:02,330 [trainer.py] => prompt_length: 16
2023-11-29 19:51:02,330 [trainer.py] => total_sessions: 6
2023-11-29 19:51:02,330 [trainer.py] => device: [device(type='cuda', index=6)]
2023-11-29 19:51:02,330 [trainer.py] => seed: 1993
2023-11-29 19:51:02,330 [trainer.py] => EPSILON: 1e-08
2023-11-29 19:51:02,330 [trainer.py] => init_epoch: 30
2023-11-29 19:51:02,330 [trainer.py] => init_lr: 0.01
2023-11-29 19:51:02,330 [trainer.py] => init_lr_decay: 0.1
2023-11-29 19:51:02,331 [trainer.py] => init_weight_decay: 0.0005
2023-11-29 19:51:02,331 [trainer.py] => epochs: 30
2023-11-29 19:51:02,331 [trainer.py] => lrate: 0.01
2023-11-29 19:51:02,331 [trainer.py] => lrate_decay: 0.1
2023-11-29 19:51:02,331 [trainer.py] => batch_size: 128
2023-11-29 19:51:02,331 [trainer.py] => weight_decay: 0.0002
2023-11-29 19:51:02,331 [trainer.py] => num_workers: 16
2023-11-29 19:51:02,331 [trainer.py] => key_dim: 768
2023-11-29 19:51:05,570 [data_manager.py] => [0, 1, 2, 3, 4, 5, 6, 7, 8, 9, 10, 11, 12, 13, 14, 15, 16, 17, 18, 19, 20, 21, 22, 23, 24, 25, 26, 27, 28, 29, 30, 31, 32, 33, 34, 35, 36, 37, 38, 39, 40, 41, 42, 43, 44, 45, 46, 47, 48, 49, 50, 51, 52, 53, 54, 55, 56, 57, 58, 59, 60, 61, 62, 63, 64, 65, 66, 67, 68, 69, 70, 71, 72, 73, 74, 75, 76, 77, 78, 79, 80, 81, 82, 83, 84, 85, 86, 87, 88, 89, 90, 91, 92, 93, 94, 95, 96, 97, 98, 99, 100, 101, 102, 103, 104, 105, 106, 107, 108, 109, 110, 111, 112, 113, 114, 115, 116, 117, 118, 119, 120, 121, 122, 123, 124, 125, 126, 127, 128, 129, 130, 131, 132, 133, 134, 135, 136, 137, 138, 139, 140, 141, 142, 143, 144, 145, 146, 147, 148, 149, 150, 151, 152, 153, 154, 155, 156, 157, 158, 159, 160, 161, 162, 163, 164, 165, 166, 167, 168, 169, 170, 171, 172, 173, 174, 175, 176, 177, 178, 179, 180, 181, 182, 183, 184, 185, 186, 187, 188, 189, 190, 191, 192, 193, 194, 195, 196, 197, 198, 199, 200, 201, 202, 203, 204, 205, 206, 207, 208, 209, 210, 211, 212, 213, 214, 215, 216, 217, 218, 219, 220, 221, 222, 223, 224, 225, 226, 227, 228, 229, 230, 231, 232, 233, 234, 235, 236, 237, 238, 239, 240, 241, 242, 243, 244, 245, 246, 247, 248, 249, 250, 251, 252, 253, 254, 255, 256, 257, 258, 259, 260, 261, 262, 263, 264, 265, 266, 267, 268, 269, 270, 271, 272, 273, 274, 275, 276, 277, 278, 279, 280, 281, 282, 283, 284, 285, 286, 287, 288, 289, 290, 291, 292, 293, 294, 295, 296, 297, 298, 299, 300, 301, 302, 303, 304, 305, 306, 307, 308, 309, 310, 311, 312, 313, 314, 315, 316, 317, 318, 319, 320, 321, 322, 323, 324, 325, 326, 327, 328, 329, 330, 331, 332, 333, 334, 335, 336, 337, 338, 339, 340, 341, 342, 343, 344, 345, 346, 347, 348, 349, 350, 351, 352, 353, 354, 355, 356, 357, 358, 359, 360, 361, 362, 363, 364, 365, 366, 367, 368, 369, 370, 371, 372, 373, 374, 375, 376, 377, 378, 379, 380, 381, 382, 383, 384, 385, 386, 387, 388, 389, 390, 391, 392, 393, 394, 395, 396, 397, 398, 399, 400, 401, 402, 403, 404, 405, 406, 407, 408, 409, 410, 411, 412, 413, 414, 415, 416, 417, 418, 419, 420, 421, 422, 423, 424, 425, 426, 427, 428, 429, 430, 431, 432, 433, 434, 435, 436, 437, 438, 439, 440, 441, 442, 443, 444, 445, 446, 447, 448, 449, 450, 451, 452, 453, 454, 455, 456, 457, 458, 459, 460, 461, 462, 463, 464, 465, 466, 467, 468, 469, 470, 471, 472, 473, 474, 475, 476, 477, 478, 479, 480, 481, 482, 483, 484, 485, 486, 487, 488, 489, 490, 491, 492, 493, 494, 495, 496, 497, 498, 499, 500, 501, 502, 503, 504, 505, 506, 507, 508, 509, 510, 511, 512, 513, 514, 515, 516, 517, 518, 519, 520, 521, 522, 523, 524, 525, 526, 527, 528, 529, 530, 531, 532, 533, 534, 535, 536, 537, 538, 539, 540, 541, 542, 543, 544, 545, 546, 547, 548, 549, 550, 551, 552, 553, 554, 555, 556, 557, 558, 559, 560, 561, 562, 563, 564, 565, 566, 567, 568, 569, 570, 571, 572, 573, 574, 575, 576, 577, 578, 579, 580, 581, 582, 583, 584, 585, 586, 587, 588, 589, 590, 591, 592, 593, 594, 595, 596, 597, 598, 599, 600, 601, 602, 603, 604, 605, 606, 607, 608, 609, 610, 611, 612, 613, 614, 615, 616, 617, 618, 619, 620, 621, 622, 623, 624, 625, 626, 627, 628, 629, 630, 631, 632, 633, 634, 635, 636, 637, 638, 639, 640, 641, 642, 643, 644, 645, 646, 647, 648, 649, 650, 651, 652, 653, 654, 655, 656, 657, 658, 659, 660, 661, 662, 663, 664, 665, 666, 667, 668, 669, 670, 671, 672, 673, 674, 675, 676, 677, 678, 679, 680, 681, 682, 683, 684, 685, 686, 687, 688, 689, 690, 691, 692, 693, 694, 695, 696, 697, 698, 699, 700, 701, 702, 703, 704, 705, 706, 707, 708, 709, 710, 711, 712, 713, 714, 715, 716, 717, 718, 719, 720, 721, 722, 723, 724, 725, 726, 727, 728, 729, 730, 731, 732, 733, 734, 735, 736, 737, 738, 739, 740, 741, 742, 743, 744, 745, 746, 747, 748, 749, 750, 751, 752, 753, 754, 755, 756, 757, 758, 759, 760, 761, 762, 763, 764, 765, 766, 767, 768, 769, 770, 771, 772, 773, 774, 775, 776, 777, 778, 779, 780, 781, 782, 783, 784, 785, 786, 787, 788, 789, 790, 791, 792, 793, 794, 795, 796, 797, 798, 799, 800, 801, 802, 803, 804, 805, 806, 807, 808, 809, 810, 811, 812, 813, 814, 815, 816, 817, 818, 819, 820, 821, 822, 823, 824, 825, 826, 827, 828, 829, 830, 831, 832, 833, 834, 835, 836, 837, 838, 839, 840, 841, 842, 843, 844, 845, 846, 847, 848, 849, 850, 851, 852, 853, 854, 855, 856, 857, 858, 859, 860, 861, 862, 863, 864, 865, 866, 867, 868, 869, 870, 871, 872, 873, 874, 875, 876, 877, 878, 879, 880, 881, 882, 883, 884, 885, 886, 887, 888, 889, 890, 891, 892, 893, 894, 895, 896, 897, 898, 899, 900, 901, 902, 903, 904, 905, 906, 907, 908, 909, 910, 911, 912, 913, 914, 915, 916, 917, 918, 919, 920, 921, 922, 923, 924, 925, 926, 927, 928, 929, 930, 931, 932, 933, 934, 935, 936, 937, 938, 939, 940, 941, 942, 943, 944, 945, 946, 947, 948, 949, 950, 951, 952, 953, 954, 955, 956, 957, 958, 959, 960, 961, 962, 963, 964, 965, 966, 967, 968, 969, 970, 971, 972, 973, 974, 975, 976, 977, 978, 979, 980, 981, 982, 983, 984, 985, 986, 987, 988, 989, 990, 991, 992, 993, 994, 995, 996, 997, 998, 999, 1000, 1001, 1002, 1003, 1004, 1005, 1006, 1007, 1008, 1009, 1010, 1011, 1012, 1013, 1014, 1015, 1016, 1017, 1018, 1019, 1020, 1021, 1022, 1023, 1024, 1025, 1026, 1027, 1028, 1029, 1030, 1031, 1032, 1033, 1034, 1035, 1036, 1037, 1038, 1039, 1040, 1041, 1042, 1043, 1044, 1045, 1046, 1047, 1048, 1049, 1050, 1051, 1052, 1053, 1054, 1055, 1056, 1057, 1058, 1059, 1060, 1061, 1062, 1063, 1064, 1065, 1066, 1067, 1068, 1069, 1070, 1071, 1072, 1073, 1074, 1075, 1076, 1077, 1078, 1079, 1080, 1081, 1082, 1083, 1084, 1085, 1086, 1087, 1088, 1089, 1090, 1091, 1092, 1093, 1094, 1095, 1096, 1097, 1098, 1099, 1100, 1101, 1102, 1103, 1104, 1105, 1106, 1107, 1108, 1109, 1110, 1111, 1112, 1113, 1114, 1115, 1116, 1117, 1118, 1119, 1120, 1121, 1122, 1123, 1124, 1125, 1126, 1127, 1128, 1129, 1130, 1131, 1132, 1133, 1134, 1135, 1136, 1137, 1138, 1139, 1140, 1141, 1142, 1143, 1144, 1145, 1146, 1147, 1148, 1149, 1150, 1151, 1152, 1153, 1154, 1155, 1156, 1157, 1158, 1159, 1160, 1161, 1162, 1163, 1164, 1165, 1166, 1167, 1168, 1169, 1170, 1171, 1172, 1173, 1174, 1175, 1176, 1177, 1178, 1179, 1180, 1181, 1182, 1183, 1184, 1185, 1186, 1187, 1188, 1189, 1190, 1191, 1192, 1193, 1194, 1195, 1196, 1197, 1198, 1199, 1200, 1201, 1202, 1203, 1204, 1205, 1206, 1207, 1208, 1209, 1210, 1211, 1212, 1213, 1214, 1215, 1216, 1217, 1218, 1219, 1220, 1221, 1222, 1223, 1224, 1225, 1226, 1227, 1228, 1229, 1230, 1231, 1232, 1233, 1234, 1235, 1236, 1237, 1238, 1239, 1240, 1241, 1242, 1243, 1244, 1245, 1246, 1247, 1248, 1249, 1250, 1251, 1252, 1253, 1254, 1255, 1256, 1257, 1258, 1259, 1260, 1261, 1262, 1263, 1264, 1265, 1266, 1267, 1268, 1269, 1270, 1271, 1272, 1273, 1274, 1275, 1276, 1277, 1278, 1279, 1280, 1281, 1282, 1283, 1284, 1285, 1286, 1287, 1288, 1289, 1290, 1291, 1292, 1293, 1294, 1295, 1296, 1297, 1298, 1299, 1300, 1301, 1302, 1303, 1304, 1305, 1306, 1307, 1308, 1309, 1310, 1311, 1312, 1313, 1314, 1315, 1316, 1317, 1318, 1319, 1320, 1321, 1322, 1323, 1324, 1325, 1326, 1327, 1328, 1329, 1330, 1331, 1332, 1333, 1334, 1335, 1336, 1337, 1338, 1339, 1340, 1341, 1342, 1343, 1344, 1345, 1346, 1347, 1348, 1349, 1350, 1351, 1352, 1353, 1354, 1355, 1356, 1357, 1358, 1359, 1360, 1361, 1362, 1363, 1364, 1365, 1366, 1367, 1368, 1369, 1370, 1371, 1372, 1373, 1374, 1375, 1376, 1377, 1378, 1379, 1380, 1381, 1382, 1383, 1384, 1385, 1386, 1387, 1388, 1389, 1390, 1391, 1392, 1393, 1394, 1395, 1396, 1397, 1398, 1399, 1400, 1401, 1402, 1403, 1404, 1405, 1406, 1407, 1408, 1409, 1410, 1411, 1412, 1413, 1414, 1415, 1416, 1417, 1418, 1419, 1420, 1421, 1422, 1423, 1424, 1425, 1426, 1427, 1428, 1429, 1430, 1431, 1432, 1433, 1434, 1435, 1436, 1437, 1438, 1439, 1440, 1441, 1442, 1443, 1444, 1445, 1446, 1447, 1448, 1449, 1450, 1451, 1452, 1453, 1454, 1455, 1456, 1457, 1458, 1459, 1460, 1461, 1462, 1463, 1464, 1465, 1466, 1467, 1468, 1469, 1470, 1471, 1472, 1473, 1474, 1475, 1476, 1477, 1478, 1479, 1480, 1481, 1482, 1483, 1484, 1485, 1486, 1487, 1488, 1489, 1490, 1491, 1492, 1493, 1494, 1495, 1496, 1497, 1498, 1499, 1500, 1501, 1502, 1503, 1504, 1505, 1506, 1507, 1508, 1509, 1510, 1511, 1512, 1513, 1514, 1515, 1516, 1517, 1518, 1519, 1520, 1521, 1522, 1523, 1524, 1525, 1526, 1527, 1528, 1529, 1530, 1531, 1532, 1533, 1534, 1535, 1536, 1537, 1538, 1539, 1540, 1541, 1542, 1543, 1544, 1545, 1546, 1547, 1548, 1549, 1550, 1551, 1552, 1553, 1554, 1555, 1556, 1557, 1558, 1559, 1560, 1561, 1562, 1563, 1564, 1565, 1566, 1567, 1568, 1569, 1570, 1571, 1572, 1573, 1574, 1575, 1576, 1577, 1578, 1579, 1580, 1581, 1582, 1583, 1584, 1585, 1586, 1587, 1588, 1589, 1590, 1591, 1592, 1593, 1594, 1595, 1596, 1597, 1598, 1599, 1600, 1601, 1602, 1603, 1604, 1605, 1606, 1607, 1608, 1609, 1610, 1611, 1612, 1613, 1614, 1615, 1616, 1617, 1618, 1619, 1620, 1621, 1622, 1623, 1624, 1625, 1626, 1627, 1628, 1629, 1630, 1631, 1632, 1633, 1634, 1635, 1636, 1637, 1638, 1639, 1640, 1641, 1642, 1643, 1644, 1645, 1646, 1647, 1648, 1649, 1650, 1651, 1652, 1653, 1654, 1655, 1656, 1657, 1658, 1659, 1660, 1661, 1662, 1663, 1664, 1665, 1666, 1667, 1668, 1669, 1670, 1671, 1672, 1673, 1674, 1675, 1676, 1677, 1678, 1679, 1680, 1681, 1682, 1683, 1684, 1685, 1686, 1687, 1688, 1689, 1690, 1691, 1692, 1693, 1694, 1695, 1696, 1697, 1698, 1699, 1700, 1701, 1702, 1703, 1704, 1705, 1706, 1707, 1708, 1709, 1710, 1711, 1712, 1713, 1714, 1715, 1716, 1717, 1718, 1719, 1720, 1721, 1722, 1723, 1724, 1725, 1726, 1727, 1728, 1729, 1730, 1731, 1732, 1733, 1734, 1735, 1736, 1737, 1738, 1739, 1740, 1741, 1742, 1743, 1744, 1745, 1746, 1747, 1748, 1749, 1750, 1751, 1752, 1753, 1754, 1755, 1756, 1757, 1758, 1759, 1760, 1761, 1762, 1763, 1764, 1765, 1766, 1767, 1768, 1769, 1770, 1771, 1772, 1773, 1774, 1775, 1776, 1777, 1778, 1779, 1780, 1781, 1782, 1783, 1784, 1785, 1786, 1787, 1788, 1789, 1790, 1791, 1792, 1793, 1794, 1795, 1796, 1797, 1798, 1799, 1800, 1801, 1802, 1803, 1804, 1805, 1806, 1807, 1808, 1809, 1810, 1811, 1812, 1813, 1814, 1815, 1816, 1817, 1818, 1819, 1820, 1821, 1822, 1823, 1824, 1825, 1826, 1827, 1828, 1829, 1830, 1831, 1832, 1833, 1834, 1835, 1836, 1837, 1838, 1839, 1840, 1841, 1842, 1843, 1844, 1845, 1846, 1847, 1848, 1849, 1850, 1851, 1852, 1853, 1854, 1855, 1856, 1857, 1858, 1859, 1860, 1861, 1862, 1863, 1864, 1865, 1866, 1867, 1868, 1869, 1870, 1871, 1872, 1873, 1874, 1875, 1876, 1877, 1878, 1879, 1880, 1881, 1882, 1883, 1884, 1885, 1886, 1887, 1888, 1889, 1890, 1891, 1892, 1893, 1894, 1895, 1896, 1897, 1898, 1899, 1900, 1901, 1902, 1903, 1904, 1905, 1906, 1907, 1908, 1909, 1910, 1911, 1912, 1913, 1914, 1915, 1916, 1917, 1918, 1919, 1920, 1921, 1922, 1923, 1924, 1925, 1926, 1927, 1928, 1929, 1930, 1931, 1932, 1933, 1934, 1935, 1936, 1937, 1938, 1939, 1940, 1941, 1942, 1943, 1944, 1945, 1946, 1947, 1948, 1949, 1950, 1951, 1952, 1953, 1954, 1955, 1956, 1957, 1958, 1959, 1960, 1961, 1962, 1963, 1964, 1965, 1966, 1967, 1968, 1969, 1970, 1971, 1972, 1973, 1974, 1975, 1976, 1977, 1978, 1979, 1980, 1981, 1982, 1983, 1984, 1985, 1986, 1987, 1988, 1989, 1990, 1991, 1992, 1993, 1994, 1995, 1996, 1997, 1998, 1999, 2000, 2001, 2002, 2003, 2004, 2005, 2006, 2007, 2008, 2009, 2010, 2011, 2012, 2013, 2014, 2015, 2016, 2017, 2018, 2019, 2020, 2021, 2022, 2023, 2024, 2025, 2026, 2027, 2028, 2029, 2030, 2031, 2032, 2033, 2034, 2035, 2036, 2037, 2038, 2039, 2040, 2041, 2042, 2043, 2044, 2045, 2046, 2047, 2048, 2049, 2050, 2051, 2052, 2053, 2054, 2055, 2056, 2057, 2058, 2059, 2060, 2061, 2062, 2063, 2064, 2065, 2066, 2067, 2068, 2069]
Initializing a generic context
Initial context: "X X X X X X X X X X X X X X X X"
Number of context words (tokens): 16
Initializing a generic context
Initial context: "X X X X X X X X X X X X X X X X"
Number of context words (tokens): 16
Initializing a generic context
Initial context: "X X X X X X X X X X X X X X X X"
Number of context words (tokens): 16
Initializing a generic context
Initial context: "X X X X X X X X X X X X X X X X"
Number of context words (tokens): 16
Initializing a generic context
Initial context: "X X X X X X X X X X X X X X X X"
Number of context words (tokens): 16
Initializing a generic context
Initial context: "X X X X X X X X X X X X X X X X"
Number of context words (tokens): 16
2023-11-29 19:52:18,200 [trainer.py] => All params: 152900097
2023-11-29 19:52:18,203 [trainer.py] => Trainable params: 152900097
2023-11-29 19:52:18,203 [prefix_prompt_tuning.py] => Learning on 0-345
Parameters to be updated: {'prefix_prompt.e_p_7', 'prefix_prompt.e_p_5', 'prefix_prompt.e_p_3', 'prefix_prompt.e_p_1', 'prefix_prompt.e_p_9', 'prefix_prompt.e_p_2', 'share_prompt.weight', 'prefix_prompt.e_p_6', 'prefix_prompt.e_p_10', 'prefix_prompt.e_p_4', 'prefix_prompt.e_p_8', 'classifier_pool.0.ctx'},count:3238400

  0%|          | 0/30 [00:00<?, ?it/s]
Task 0, Epoch 1/30 => Loss 1.706, Train_accy 62.67, Test_accy 76.54:   0%|          | 0/30 [04:26<?, ?it/s]
Task 0, Epoch 1/30 => Loss 1.706, Train_accy 62.67, Test_accy 76.54:   3%|▎         | 1/30 [04:26<2:08:37, 266.12s/it]
Task 0, Epoch 2/30 => Loss 1.491, Train_accy 66.29, Test_accy 77.88:   3%|▎         | 1/30 [08:26<2:08:37, 266.12s/it]
Task 0, Epoch 2/30 => Loss 1.491, Train_accy 66.29, Test_accy 77.88:   7%|▋         | 2/30 [08:26<1:57:04, 250.88s/it]
Task 0, Epoch 3/30 => Loss 1.427, Train_accy 67.83, Test_accy 78.60:   7%|▋         | 2/30 [12:26<1:57:04, 250.88s/it]
Task 0, Epoch 3/30 => Loss 1.427, Train_accy 67.83, Test_accy 78.60:  10%|█         | 3/30 [12:26<1:50:42, 246.01s/it]
Task 0, Epoch 4/30 => Loss 1.378, Train_accy 68.59, Test_accy 79.14:  10%|█         | 3/30 [16:27<1:50:42, 246.01s/it]
Task 0, Epoch 4/30 => Loss 1.378, Train_accy 68.59, Test_accy 79.14:  13%|█▎        | 4/30 [16:27<1:45:46, 244.09s/it]
Task 0, Epoch 5/30 => Loss 1.345, Train_accy 69.06, Test_accy 79.99:  13%|█▎        | 4/30 [20:26<1:45:46, 244.09s/it]
Task 0, Epoch 5/30 => Loss 1.345, Train_accy 69.06, Test_accy 79.99:  17%|█▋        | 5/30 [20:26<1:40:57, 242.31s/it]
Task 0, Epoch 6/30 => Loss 1.330, Train_accy 69.17, Test_accy 79.89:  17%|█▋        | 5/30 [24:27<1:40:57, 242.31s/it]
Task 0, Epoch 6/30 => Loss 1.330, Train_accy 69.17, Test_accy 79.89:  20%|██        | 6/30 [24:27<1:36:42, 241.78s/it]
Task 0, Epoch 7/30 => Loss 1.311, Train_accy 69.71, Test_accy 80.16:  20%|██        | 6/30 [28:48<1:36:42, 241.78s/it]
Task 0, Epoch 7/30 => Loss 1.311, Train_accy 69.71, Test_accy 80.16:  23%|██▎       | 7/30 [28:48<1:35:05, 248.06s/it]
Task 0, Epoch 8/30 => Loss 1.287, Train_accy 70.32, Test_accy 80.20:  23%|██▎       | 7/30 [32:52<1:35:05, 248.06s/it]
Task 0, Epoch 8/30 => Loss 1.287, Train_accy 70.32, Test_accy 80.20:  27%|██▋       | 8/30 [32:52<1:30:25, 246.62s/it]
Task 0, Epoch 9/30 => Loss 1.268, Train_accy 70.58, Test_accy 80.39:  27%|██▋       | 8/30 [36:50<1:30:25, 246.62s/it]
Task 0, Epoch 9/30 => Loss 1.268, Train_accy 70.58, Test_accy 80.39:  30%|███       | 9/30 [36:50<1:25:24, 244.00s/it]
Task 0, Epoch 10/30 => Loss 1.240, Train_accy 71.01, Test_accy 80.53:  30%|███       | 9/30 [40:52<1:25:24, 244.00s/it]
Task 0, Epoch 10/30 => Loss 1.240, Train_accy 71.01, Test_accy 80.53:  33%|███▎      | 10/30 [40:52<1:21:11, 243.57s/it]
Task 0, Epoch 11/30 => Loss 1.233, Train_accy 71.12, Test_accy 80.51:  33%|███▎      | 10/30 [45:07<1:21:11, 243.57s/it]
Task 0, Epoch 11/30 => Loss 1.233, Train_accy 71.12, Test_accy 80.51:  37%|███▋      | 11/30 [45:07<1:18:09, 246.82s/it]
Task 0, Epoch 12/30 => Loss 1.230, Train_accy 71.37, Test_accy 80.72:  37%|███▋      | 11/30 [49:11<1:18:09, 246.82s/it]
Task 0, Epoch 12/30 => Loss 1.230, Train_accy 71.37, Test_accy 80.72:  40%|████      | 12/30 [49:11<1:13:49, 246.09s/it]
Task 0, Epoch 13/30 => Loss 1.209, Train_accy 71.56, Test_accy 80.64:  40%|████      | 12/30 [53:17<1:13:49, 246.09s/it]
Task 0, Epoch 13/30 => Loss 1.209, Train_accy 71.56, Test_accy 80.64:  43%|████▎     | 13/30 [53:17<1:09:43, 246.08s/it]
Task 0, Epoch 14/30 => Loss 1.194, Train_accy 71.89, Test_accy 80.90:  43%|████▎     | 13/30 [57:21<1:09:43, 246.08s/it]
Task 0, Epoch 14/30 => Loss 1.194, Train_accy 71.89, Test_accy 80.90:  47%|████▋     | 14/30 [57:21<1:05:25, 245.35s/it]
Task 0, Epoch 15/30 => Loss 1.194, Train_accy 71.90, Test_accy 81.11:  47%|████▋     | 14/30 [1:01:35<1:05:25, 245.35s/it]
Task 0, Epoch 15/30 => Loss 1.194, Train_accy 71.90, Test_accy 81.11:  50%|█████     | 15/30 [1:01:35<1:01:58, 247.93s/it]
Task 0, Epoch 16/30 => Loss 1.178, Train_accy 72.17, Test_accy 80.92:  50%|█████     | 15/30 [1:05:41<1:01:58, 247.93s/it]
Task 0, Epoch 16/30 => Loss 1.178, Train_accy 72.17, Test_accy 80.92:  53%|█████▎    | 16/30 [1:05:41<57:44, 247.44s/it]  
Task 0, Epoch 17/30 => Loss 1.176, Train_accy 72.20, Test_accy 81.16:  53%|█████▎    | 16/30 [1:09:41<57:44, 247.44s/it]
Task 0, Epoch 17/30 => Loss 1.176, Train_accy 72.20, Test_accy 81.16:  57%|█████▋    | 17/30 [1:09:41<53:07, 245.18s/it]
Task 0, Epoch 18/30 => Loss 1.164, Train_accy 72.74, Test_accy 81.16:  57%|█████▋    | 17/30 [1:13:55<53:07, 245.18s/it]
Task 0, Epoch 18/30 => Loss 1.164, Train_accy 72.74, Test_accy 81.16:  60%|██████    | 18/30 [1:13:55<49:35, 247.96s/it]
Task 0, Epoch 19/30 => Loss 1.137, Train_accy 73.08, Test_accy 81.07:  60%|██████    | 18/30 [1:18:08<49:35, 247.96s/it]
Task 0, Epoch 19/30 => Loss 1.137, Train_accy 73.08, Test_accy 81.07:  63%|██████▎   | 19/30 [1:18:08<45:44, 249.51s/it]
Task 0, Epoch 20/30 => Loss 1.123, Train_accy 73.45, Test_accy 81.11:  63%|██████▎   | 19/30 [1:22:08<45:44, 249.51s/it]
Task 0, Epoch 20/30 => Loss 1.123, Train_accy 73.45, Test_accy 81.11:  67%|██████▋   | 20/30 [1:22:08<41:05, 246.51s/it]
Task 0, Epoch 21/30 => Loss 1.135, Train_accy 73.19, Test_accy 81.55:  67%|██████▋   | 20/30 [1:26:13<41:05, 246.51s/it]
Task 0, Epoch 21/30 => Loss 1.135, Train_accy 73.19, Test_accy 81.55:  70%|███████   | 21/30 [1:26:13<36:53, 245.94s/it]
Task 0, Epoch 22/30 => Loss 1.111, Train_accy 73.76, Test_accy 81.34:  70%|███████   | 21/30 [1:30:13<36:53, 245.94s/it]
Task 0, Epoch 22/30 => Loss 1.111, Train_accy 73.76, Test_accy 81.34:  73%|███████▎  | 22/30 [1:30:13<32:34, 244.29s/it]
Task 0, Epoch 23/30 => Loss 1.093, Train_accy 73.83, Test_accy 81.46:  73%|███████▎  | 22/30 [1:34:20<32:34, 244.29s/it]
Task 0, Epoch 23/30 => Loss 1.093, Train_accy 73.83, Test_accy 81.46:  77%|███████▋  | 23/30 [1:34:20<28:34, 244.95s/it]
Task 0, Epoch 24/30 => Loss 1.105, Train_accy 73.94, Test_accy 81.60:  77%|███████▋  | 23/30 [1:38:31<28:34, 244.95s/it]
Task 0, Epoch 24/30 => Loss 1.105, Train_accy 73.94, Test_accy 81.60:  80%|████████  | 24/30 [1:38:31<24:42, 247.01s/it]
Task 0, Epoch 25/30 => Loss 1.084, Train_accy 74.45, Test_accy 81.66:  80%|████████  | 24/30 [1:42:29<24:42, 247.01s/it]
Task 0, Epoch 25/30 => Loss 1.084, Train_accy 74.45, Test_accy 81.66:  83%|████████▎ | 25/30 [1:42:29<20:20, 244.20s/it]
Task 0, Epoch 26/30 => Loss 1.077, Train_accy 74.28, Test_accy 81.68:  83%|████████▎ | 25/30 [1:47:02<20:20, 244.20s/it]
Task 0, Epoch 26/30 => Loss 1.077, Train_accy 74.28, Test_accy 81.68:  87%|████████▋ | 26/30 [1:47:02<16:51, 252.97s/it]
Task 0, Epoch 27/30 => Loss 1.077, Train_accy 74.43, Test_accy 81.72:  87%|████████▋ | 26/30 [1:50:58<16:51, 252.97s/it]
Task 0, Epoch 27/30 => Loss 1.077, Train_accy 74.43, Test_accy 81.72:  90%|█████████ | 27/30 [1:50:58<12:22, 247.61s/it]
Task 0, Epoch 28/30 => Loss 1.082, Train_accy 74.32, Test_accy 81.69:  90%|█████████ | 27/30 [1:55:42<12:22, 247.61s/it]
Task 0, Epoch 28/30 => Loss 1.082, Train_accy 74.32, Test_accy 81.69:  93%|█████████▎| 28/30 [1:55:42<08:37, 258.53s/it]
Task 0, Epoch 29/30 => Loss 1.077, Train_accy 74.55, Test_accy 81.70:  93%|█████████▎| 28/30 [1:59:28<08:37, 258.53s/it]
Task 0, Epoch 29/30 => Loss 1.077, Train_accy 74.55, Test_accy 81.70:  97%|█████████▋| 29/30 [1:59:28<04:08, 248.80s/it]
Task 0, Epoch 30/30 => Loss 1.070, Train_accy 74.61, Test_accy 81.75:  97%|█████████▋| 29/30 [2:02:54<04:08, 248.80s/it]
Task 0, Epoch 30/30 => Loss 1.070, Train_accy 74.61, Test_accy 81.75: 100%|██████████| 30/30 [2:02:54<00:00, 236.02s/it]
Task 0, Epoch 30/30 => Loss 1.070, Train_accy 74.61, Test_accy 81.75: 100%|██████████| 30/30 [2:02:54<00:00, 245.81s/it]
2023-11-29 21:55:22,110 [prefix_prompt_tuning.py] => Task 0, Epoch 30/30 => Loss 1.070, Train_accy 74.61, Test_accy 81.75
/vepfs/aminer/glmrec/miniconda3/envs/coda-s-prompt/lib/python3.10/site-packages/sklearn/cluster/_kmeans.py:1416: FutureWarning: The default value of `n_init` will change from 10 to 'auto' in 1.4. Set the value of `n_init` explicitly to suppress the warning
  super()._check_params_vs_input(X, default_n_init=10)
2023-11-29 21:59:59,496 [trainer.py] => CNN: {'total': 81.75, '00-344': 81.75, 'old': 0, 'new': 81.75}
2023-11-29 21:59:59,498 [trainer.py] => CNN top1 curve: [81.75]
2023-11-29 21:59:59,500 [trainer.py] => All params: 152900097
2023-11-29 21:59:59,501 [trainer.py] => Trainable params: 3238400
2023-11-29 21:59:59,502 [prefix_prompt_tuning.py] => Learning on 345-690
Parameters to be updated: {'prefix_prompt.e_p_7', 'prefix_prompt.e_p_5', 'prefix_prompt.e_p_3', 'prefix_prompt.e_p_1', 'prefix_prompt.e_p_9', 'prefix_prompt.e_p_2', 'share_prompt.weight', 'prefix_prompt.e_p_6', 'classifier_pool.1.ctx', 'prefix_prompt.e_p_4', 'prefix_prompt.e_p_8', 'prefix_prompt.e_p_10'},count:3238400

  0%|          | 0/30 [00:00<?, ?it/s]
Task 1, Epoch 1/30 => Loss 2.623, Train_accy 46.54, Test_accy 62.54:   0%|          | 0/30 [07:34<?, ?it/s]
Task 1, Epoch 1/30 => Loss 2.623, Train_accy 46.54, Test_accy 62.54:   3%|▎         | 1/30 [07:34<3:39:44, 454.63s/it]
Task 1, Epoch 2/30 => Loss 2.439, Train_accy 48.77, Test_accy 63.71:   3%|▎         | 1/30 [15:50<3:39:44, 454.63s/it]
Task 1, Epoch 2/30 => Loss 2.439, Train_accy 48.77, Test_accy 63.71:   7%|▋         | 2/30 [15:50<3:43:24, 478.72s/it]
Task 1, Epoch 3/30 => Loss 2.377, Train_accy 49.71, Test_accy 64.07:   7%|▋         | 2/30 [23:04<3:43:24, 478.72s/it]
Task 1, Epoch 3/30 => Loss 2.377, Train_accy 49.71, Test_accy 64.07:  10%|█         | 3/30 [23:04<3:26:20, 458.53s/it]
Task 1, Epoch 4/30 => Loss 2.354, Train_accy 50.20, Test_accy 64.44:  10%|█         | 3/30 [30:36<3:26:20, 458.53s/it]
Task 1, Epoch 4/30 => Loss 2.354, Train_accy 50.20, Test_accy 64.44:  13%|█▎        | 4/30 [30:36<3:17:29, 455.74s/it]
Task 1, Epoch 5/30 => Loss 2.337, Train_accy 50.23, Test_accy 64.57:  13%|█▎        | 4/30 [37:23<3:17:29, 455.74s/it]
Task 1, Epoch 5/30 => Loss 2.337, Train_accy 50.23, Test_accy 64.57:  17%|█▋        | 5/30 [37:23<3:02:32, 438.10s/it]
Task 1, Epoch 6/30 => Loss 2.299, Train_accy 50.95, Test_accy 64.23:  17%|█▋        | 5/30 [44:47<3:02:32, 438.10s/it]
Task 1, Epoch 6/30 => Loss 2.299, Train_accy 50.95, Test_accy 64.23:  20%|██        | 6/30 [44:47<2:56:04, 440.18s/it]
Task 1, Epoch 7/30 => Loss 2.289, Train_accy 51.07, Test_accy 64.42:  20%|██        | 6/30 [51:23<2:56:04, 440.18s/it]
Task 1, Epoch 7/30 => Loss 2.289, Train_accy 51.07, Test_accy 64.42:  23%|██▎       | 7/30 [51:23<2:43:17, 425.97s/it]
Task 1, Epoch 8/30 => Loss 2.279, Train_accy 51.60, Test_accy 64.55:  23%|██▎       | 7/30 [58:28<2:43:17, 425.97s/it]
Task 1, Epoch 8/30 => Loss 2.279, Train_accy 51.60, Test_accy 64.55:  27%|██▋       | 8/30 [58:29<2:36:07, 425.77s/it]
Task 1, Epoch 9/30 => Loss 2.274, Train_accy 51.21, Test_accy 64.19:  27%|██▋       | 8/30 [1:06:11<2:36:07, 425.77s/it]
Task 1, Epoch 9/30 => Loss 2.274, Train_accy 51.21, Test_accy 64.19:  30%|███       | 9/30 [1:06:11<2:33:02, 437.28s/it]
Task 1, Epoch 10/30 => Loss 2.237, Train_accy 51.79, Test_accy 64.31:  30%|███       | 9/30 [1:13:58<2:33:02, 437.28s/it]
Task 1, Epoch 10/30 => Loss 2.237, Train_accy 51.79, Test_accy 64.31:  33%|███▎      | 10/30 [1:13:58<2:28:45, 446.28s/it]
Task 1, Epoch 11/30 => Loss 2.223, Train_accy 52.39, Test_accy 64.55:  33%|███▎      | 10/30 [1:20:58<2:28:45, 446.28s/it]
Task 1, Epoch 11/30 => Loss 2.223, Train_accy 52.39, Test_accy 64.55:  37%|███▋      | 11/30 [1:20:58<2:18:47, 438.30s/it]
Task 1, Epoch 12/30 => Loss 2.228, Train_accy 52.06, Test_accy 64.40:  37%|███▋      | 11/30 [1:28:04<2:18:47, 438.30s/it]
Task 1, Epoch 12/30 => Loss 2.228, Train_accy 52.06, Test_accy 64.40:  40%|████      | 12/30 [1:28:05<2:10:27, 434.83s/it]
Task 1, Epoch 13/30 => Loss 2.218, Train_accy 52.33, Test_accy 64.55:  40%|████      | 12/30 [1:35:51<2:10:27, 434.83s/it]
Task 1, Epoch 13/30 => Loss 2.218, Train_accy 52.33, Test_accy 64.55:  43%|████▎     | 13/30 [1:35:51<2:05:51, 444.18s/it]
Task 1, Epoch 14/30 => Loss 2.203, Train_accy 52.59, Test_accy 64.60:  43%|████▎     | 13/30 [1:43:06<2:05:51, 444.18s/it]
Task 1, Epoch 14/30 => Loss 2.203, Train_accy 52.59, Test_accy 64.60:  47%|████▋     | 14/30 [1:43:06<1:57:46, 441.65s/it]
Task 1, Epoch 15/30 => Loss 2.196, Train_accy 52.64, Test_accy 64.51:  47%|████▋     | 14/30 [1:50:43<1:57:46, 441.65s/it]
Task 1, Epoch 15/30 => Loss 2.196, Train_accy 52.64, Test_accy 64.51:  50%|█████     | 15/30 [1:50:43<1:51:30, 446.06s/it]
Task 1, Epoch 16/30 => Loss 2.184, Train_accy 52.88, Test_accy 64.80:  50%|█████     | 15/30 [1:58:24<1:51:30, 446.06s/it]
Task 1, Epoch 16/30 => Loss 2.184, Train_accy 52.88, Test_accy 64.80:  53%|█████▎    | 16/30 [1:58:24<1:45:07, 450.56s/it]
Task 1, Epoch 17/30 => Loss 2.170, Train_accy 53.05, Test_accy 64.61:  53%|█████▎    | 16/30 [2:05:51<1:45:07, 450.56s/it]
Task 1, Epoch 17/30 => Loss 2.170, Train_accy 53.05, Test_accy 64.61:  57%|█████▋    | 17/30 [2:05:51<1:37:23, 449.52s/it]
Task 1, Epoch 18/30 => Loss 2.171, Train_accy 52.95, Test_accy 64.56:  57%|█████▋    | 17/30 [2:13:03<1:37:23, 449.52s/it]
Task 1, Epoch 18/30 => Loss 2.171, Train_accy 52.95, Test_accy 64.56:  60%|██████    | 18/30 [2:13:04<1:28:53, 444.47s/it]
Task 1, Epoch 19/30 => Loss 2.179, Train_accy 53.02, Test_accy 64.91:  60%|██████    | 18/30 [2:19:39<1:28:53, 444.47s/it]
Task 1, Epoch 19/30 => Loss 2.179, Train_accy 53.02, Test_accy 64.91:  63%|██████▎   | 19/30 [2:19:39<1:18:47, 429.77s/it]
Task 1, Epoch 20/30 => Loss 2.132, Train_accy 53.68, Test_accy 64.99:  63%|██████▎   | 19/30 [2:25:58<1:18:47, 429.77s/it]
Task 1, Epoch 20/30 => Loss 2.132, Train_accy 53.68, Test_accy 64.99:  67%|██████▋   | 20/30 [2:25:58<1:09:05, 414.55s/it]
Task 1, Epoch 21/30 => Loss 2.136, Train_accy 53.79, Test_accy 64.39:  67%|██████▋   | 20/30 [2:33:02<1:09:05, 414.55s/it]
Task 1, Epoch 21/30 => Loss 2.136, Train_accy 53.79, Test_accy 64.39:  70%|███████   | 21/30 [2:33:02<1:02:36, 417.35s/it]
Task 1, Epoch 22/30 => Loss 2.138, Train_accy 53.59, Test_accy 64.30:  70%|███████   | 21/30 [2:40:44<1:02:36, 417.35s/it]
Task 1, Epoch 22/30 => Loss 2.138, Train_accy 53.59, Test_accy 64.30:  73%|███████▎  | 22/30 [2:40:44<57:26, 430.85s/it]  
Task 1, Epoch 23/30 => Loss 2.121, Train_accy 53.70, Test_accy 64.30:  73%|███████▎  | 22/30 [2:46:57<57:26, 430.85s/it]
Task 1, Epoch 23/30 => Loss 2.121, Train_accy 53.70, Test_accy 64.30:  77%|███████▋  | 23/30 [2:46:57<48:13, 413.39s/it]
Task 1, Epoch 24/30 => Loss 2.125, Train_accy 53.65, Test_accy 64.31:  77%|███████▋  | 23/30 [2:53:42<48:13, 413.39s/it]
Task 1, Epoch 24/30 => Loss 2.125, Train_accy 53.65, Test_accy 64.31:  80%|████████  | 24/30 [2:53:42<41:05, 410.96s/it]
Task 1, Epoch 25/30 => Loss 2.119, Train_accy 53.90, Test_accy 64.34:  80%|████████  | 24/30 [3:00:08<41:05, 410.96s/it]
Task 1, Epoch 25/30 => Loss 2.119, Train_accy 53.90, Test_accy 64.34:  83%|████████▎ | 25/30 [3:00:08<33:37, 403.44s/it]
Task 1, Epoch 26/30 => Loss 2.111, Train_accy 53.95, Test_accy 64.18:  83%|████████▎ | 25/30 [3:06:43<33:37, 403.44s/it]
Task 1, Epoch 26/30 => Loss 2.111, Train_accy 53.95, Test_accy 64.18:  87%|████████▋ | 26/30 [3:06:43<26:42, 400.74s/it]
Task 1, Epoch 27/30 => Loss 2.100, Train_accy 54.24, Test_accy 64.28:  87%|████████▋ | 26/30 [3:14:44<26:42, 400.74s/it]
Task 1, Epoch 27/30 => Loss 2.100, Train_accy 54.24, Test_accy 64.28:  90%|█████████ | 27/30 [3:14:44<21:14, 424.95s/it]
Task 1, Epoch 28/30 => Loss 2.099, Train_accy 54.27, Test_accy 64.26:  90%|█████████ | 27/30 [3:21:40<21:14, 424.95s/it]
Task 1, Epoch 28/30 => Loss 2.099, Train_accy 54.27, Test_accy 64.26:  93%|█████████▎| 28/30 [3:21:40<14:04, 422.13s/it]
Task 1, Epoch 29/30 => Loss 2.098, Train_accy 54.50, Test_accy 64.30:  93%|█████████▎| 28/30 [3:28:49<14:04, 422.13s/it]
Task 1, Epoch 29/30 => Loss 2.098, Train_accy 54.50, Test_accy 64.30:  97%|█████████▋| 29/30 [3:28:49<07:04, 424.46s/it]
Task 1, Epoch 30/30 => Loss 2.091, Train_accy 54.30, Test_accy 64.31:  97%|█████████▋| 29/30 [3:35:12<07:04, 424.46s/it]
Task 1, Epoch 30/30 => Loss 2.091, Train_accy 54.30, Test_accy 64.31: 100%|██████████| 30/30 [3:35:12<00:00, 411.94s/it]
Task 1, Epoch 30/30 => Loss 2.091, Train_accy 54.30, Test_accy 64.31: 100%|██████████| 30/30 [3:35:12<00:00, 430.42s/it]
2023-11-30 01:35:12,953 [prefix_prompt_tuning.py] => Task 1, Epoch 30/30 => Loss 2.091, Train_accy 54.30, Test_accy 64.31
/vepfs/aminer/glmrec/miniconda3/envs/coda-s-prompt/lib/python3.10/site-packages/sklearn/cluster/_kmeans.py:1416: FutureWarning: The default value of `n_init` will change from 10 to 'auto' in 1.4. Set the value of `n_init` explicitly to suppress the warning
  super()._check_params_vs_input(X, default_n_init=10)
2023-11-30 01:42:27,954 [trainer.py] => CNN: {'total': 70.92, '00-344': 80.98, '345-689': 61.48, 'old': 80.98, 'new': 61.48}
2023-11-30 01:42:28,098 [trainer.py] => CNN top1 curve: [81.75, 70.92]
2023-11-30 01:42:28,100 [trainer.py] => All params: 152900097
2023-11-30 01:42:28,101 [trainer.py] => Trainable params: 3238400
2023-11-30 01:42:28,101 [prefix_prompt_tuning.py] => Learning on 690-1035
Parameters to be updated: {'prefix_prompt.e_p_7', 'prefix_prompt.e_p_5', 'prefix_prompt.e_p_3', 'prefix_prompt.e_p_1', 'prefix_prompt.e_p_9', 'prefix_prompt.e_p_2', 'share_prompt.weight', 'prefix_prompt.e_p_6', 'prefix_prompt.e_p_4', 'prefix_prompt.e_p_8', 'prefix_prompt.e_p_10', 'classifier_pool.2.ctx'},count:3238400

  0%|          | 0/30 [00:00<?, ?it/s]
Task 2, Epoch 1/30 => Loss 1.673, Train_accy 63.83, Test_accy 66.24:   0%|          | 0/30 [09:44<?, ?it/s]
Task 2, Epoch 1/30 => Loss 1.673, Train_accy 63.83, Test_accy 66.24:   3%|▎         | 1/30 [09:44<4:42:27, 584.38s/it]
Task 2, Epoch 2/30 => Loss 1.474, Train_accy 66.99, Test_accy 65.78:   3%|▎         | 1/30 [19:10<4:42:27, 584.38s/it]
Task 2, Epoch 2/30 => Loss 1.474, Train_accy 66.99, Test_accy 65.78:   7%|▋         | 2/30 [19:10<4:27:48, 573.86s/it]
Task 2, Epoch 3/30 => Loss 1.432, Train_accy 67.88, Test_accy 66.08:   7%|▋         | 2/30 [28:22<4:27:48, 573.86s/it]
Task 2, Epoch 3/30 => Loss 1.432, Train_accy 67.88, Test_accy 66.08:  10%|█         | 3/30 [28:22<4:13:45, 563.89s/it]
Task 2, Epoch 4/30 => Loss 1.395, Train_accy 68.59, Test_accy 65.88:  10%|█         | 3/30 [39:01<4:13:45, 563.89s/it]
Task 2, Epoch 4/30 => Loss 1.395, Train_accy 68.59, Test_accy 65.88:  13%|█▎        | 4/30 [39:01<4:17:09, 593.46s/it]
Task 2, Epoch 5/30 => Loss 1.361, Train_accy 69.19, Test_accy 65.39:  13%|█▎        | 4/30 [49:00<4:17:09, 593.46s/it]
Task 2, Epoch 5/30 => Loss 1.361, Train_accy 69.19, Test_accy 65.39:  17%|█▋        | 5/30 [49:00<4:08:04, 595.38s/it]
Task 2, Epoch 6/30 => Loss 1.349, Train_accy 69.07, Test_accy 65.42:  17%|█▋        | 5/30 [58:33<4:08:04, 595.38s/it]
Task 2, Epoch 6/30 => Loss 1.349, Train_accy 69.07, Test_accy 65.42:  20%|██        | 6/30 [58:33<3:55:04, 587.67s/it]
Task 2, Epoch 7/30 => Loss 1.334, Train_accy 69.38, Test_accy 64.95:  20%|██        | 6/30 [1:08:54<3:55:04, 587.67s/it]
Task 2, Epoch 7/30 => Loss 1.334, Train_accy 69.38, Test_accy 64.95:  23%|██▎       | 7/30 [1:08:54<3:49:31, 598.76s/it]
Task 2, Epoch 8/30 => Loss 1.320, Train_accy 69.71, Test_accy 65.49:  23%|██▎       | 7/30 [1:18:34<3:49:31, 598.76s/it]
Task 2, Epoch 8/30 => Loss 1.320, Train_accy 69.71, Test_accy 65.49:  27%|██▋       | 8/30 [1:18:34<3:37:18, 592.65s/it]
Task 2, Epoch 9/30 => Loss 1.301, Train_accy 70.03, Test_accy 65.41:  27%|██▋       | 8/30 [1:27:46<3:37:18, 592.65s/it]
Task 2, Epoch 9/30 => Loss 1.301, Train_accy 70.03, Test_accy 65.41:  30%|███       | 9/30 [1:27:46<3:22:58, 579.93s/it]
Task 2, Epoch 10/30 => Loss 1.285, Train_accy 70.25, Test_accy 65.56:  30%|███       | 9/30 [1:38:16<3:22:58, 579.93s/it]
Task 2, Epoch 10/30 => Loss 1.285, Train_accy 70.25, Test_accy 65.56:  33%|███▎      | 10/30 [1:38:16<3:18:30, 595.54s/it]
Task 2, Epoch 11/30 => Loss 1.281, Train_accy 70.40, Test_accy 65.04:  33%|███▎      | 10/30 [1:47:23<3:18:30, 595.54s/it]
Task 2, Epoch 11/30 => Loss 1.281, Train_accy 70.40, Test_accy 65.04:  37%|███▋      | 11/30 [1:47:23<3:03:52, 580.65s/it]
Task 2, Epoch 12/30 => Loss 1.281, Train_accy 70.57, Test_accy 65.14:  37%|███▋      | 11/30 [1:57:31<3:03:52, 580.65s/it]
Task 2, Epoch 12/30 => Loss 1.281, Train_accy 70.57, Test_accy 65.14:  40%|████      | 12/30 [1:57:31<2:56:41, 588.95s/it]
Task 2, Epoch 13/30 => Loss 1.271, Train_accy 70.59, Test_accy 64.84:  40%|████      | 12/30 [2:07:52<2:56:41, 588.95s/it]
Task 2, Epoch 13/30 => Loss 1.271, Train_accy 70.59, Test_accy 64.84:  43%|████▎     | 13/30 [2:07:52<2:49:37, 598.71s/it]
Task 2, Epoch 14/30 => Loss 1.252, Train_accy 71.02, Test_accy 65.29:  43%|████▎     | 13/30 [2:18:07<2:49:37, 598.71s/it]
Task 2, Epoch 14/30 => Loss 1.252, Train_accy 71.02, Test_accy 65.29:  47%|████▋     | 14/30 [2:18:07<2:40:56, 603.55s/it]
Task 2, Epoch 15/30 => Loss 1.241, Train_accy 71.13, Test_accy 64.86:  47%|████▋     | 14/30 [2:28:44<2:40:56, 603.55s/it]
Task 2, Epoch 15/30 => Loss 1.241, Train_accy 71.13, Test_accy 64.86:  50%|█████     | 15/30 [2:28:44<2:33:25, 613.67s/it]
Task 2, Epoch 16/30 => Loss 1.236, Train_accy 71.40, Test_accy 65.01:  50%|█████     | 15/30 [2:38:11<2:33:25, 613.67s/it]
Task 2, Epoch 16/30 => Loss 1.236, Train_accy 71.40, Test_accy 65.01:  53%|█████▎    | 16/30 [2:38:11<2:19:56, 599.72s/it]
Task 2, Epoch 17/30 => Loss 1.221, Train_accy 71.62, Test_accy 65.35:  53%|█████▎    | 16/30 [2:47:45<2:19:56, 599.72s/it]
Task 2, Epoch 17/30 => Loss 1.221, Train_accy 71.62, Test_accy 65.35:  57%|█████▋    | 17/30 [2:47:45<2:08:15, 591.93s/it]
Task 2, Epoch 18/30 => Loss 1.215, Train_accy 71.68, Test_accy 64.61:  57%|█████▋    | 17/30 [2:57:58<2:08:15, 591.93s/it]
Task 2, Epoch 18/30 => Loss 1.215, Train_accy 71.68, Test_accy 64.61:  60%|██████    | 18/30 [2:57:59<1:59:40, 598.35s/it]
Task 2, Epoch 19/30 => Loss 1.209, Train_accy 72.06, Test_accy 64.33:  60%|██████    | 18/30 [3:06:52<1:59:40, 598.35s/it]
Task 2, Epoch 19/30 => Loss 1.209, Train_accy 72.06, Test_accy 64.33:  63%|██████▎   | 19/30 [3:06:52<1:46:07, 578.91s/it]
Task 2, Epoch 20/30 => Loss 1.199, Train_accy 72.02, Test_accy 64.45:  63%|██████▎   | 19/30 [3:16:18<1:46:07, 578.91s/it]
Task 2, Epoch 20/30 => Loss 1.199, Train_accy 72.02, Test_accy 64.45:  67%|██████▋   | 20/30 [3:16:18<1:35:48, 574.86s/it]
Task 2, Epoch 21/30 => Loss 1.192, Train_accy 72.19, Test_accy 64.95:  67%|██████▋   | 20/30 [3:25:38<1:35:48, 574.86s/it]
Task 2, Epoch 21/30 => Loss 1.192, Train_accy 72.19, Test_accy 64.95:  70%|███████   | 21/30 [3:25:38<1:25:33, 570.40s/it]
Task 2, Epoch 22/30 => Loss 1.190, Train_accy 72.24, Test_accy 64.80:  70%|███████   | 21/30 [3:33:18<1:25:33, 570.40s/it]
Task 2, Epoch 22/30 => Loss 1.190, Train_accy 72.24, Test_accy 64.80:  73%|███████▎  | 22/30 [3:33:18<1:11:38, 537.31s/it]
Task 2, Epoch 23/30 => Loss 1.179, Train_accy 72.52, Test_accy 64.55:  73%|███████▎  | 22/30 [3:41:47<1:11:38, 537.31s/it]
Task 2, Epoch 23/30 => Loss 1.179, Train_accy 72.52, Test_accy 64.55:  77%|███████▋  | 23/30 [3:41:47<1:01:42, 529.00s/it]
Task 2, Epoch 24/30 => Loss 1.169, Train_accy 72.77, Test_accy 64.55:  77%|███████▋  | 23/30 [3:49:34<1:01:42, 529.00s/it]
Task 2, Epoch 24/30 => Loss 1.169, Train_accy 72.77, Test_accy 64.55:  80%|████████  | 24/30 [3:49:34<51:00, 510.16s/it]  
Task 2, Epoch 25/30 => Loss 1.167, Train_accy 72.52, Test_accy 64.76:  80%|████████  | 24/30 [3:57:27<51:00, 510.16s/it]
Task 2, Epoch 25/30 => Loss 1.167, Train_accy 72.52, Test_accy 64.76:  83%|████████▎ | 25/30 [3:57:27<41:35, 499.00s/it]
Task 2, Epoch 26/30 => Loss 1.162, Train_accy 72.77, Test_accy 64.57:  83%|████████▎ | 25/30 [4:06:35<41:35, 499.00s/it]
Task 2, Epoch 26/30 => Loss 1.162, Train_accy 72.77, Test_accy 64.57:  87%|████████▋ | 26/30 [4:06:35<34:15, 513.95s/it]
Task 2, Epoch 27/30 => Loss 1.162, Train_accy 72.73, Test_accy 64.36:  87%|████████▋ | 26/30 [4:15:39<34:15, 513.95s/it]
Task 2, Epoch 27/30 => Loss 1.162, Train_accy 72.73, Test_accy 64.36:  90%|█████████ | 27/30 [4:15:39<26:08, 522.72s/it]
Task 2, Epoch 28/30 => Loss 1.163, Train_accy 72.88, Test_accy 64.43:  90%|█████████ | 27/30 [4:23:25<26:08, 522.72s/it]
Task 2, Epoch 28/30 => Loss 1.163, Train_accy 72.88, Test_accy 64.43:  93%|█████████▎| 28/30 [4:23:25<16:51, 505.79s/it]
Task 2, Epoch 29/30 => Loss 1.153, Train_accy 72.89, Test_accy 64.44:  93%|█████████▎| 28/30 [4:31:47<16:51, 505.79s/it]
Task 2, Epoch 29/30 => Loss 1.153, Train_accy 72.89, Test_accy 64.44:  97%|█████████▋| 29/30 [4:31:48<08:24, 504.85s/it]
Task 2, Epoch 30/30 => Loss 1.162, Train_accy 72.90, Test_accy 64.42:  97%|█████████▋| 29/30 [4:39:23<08:24, 504.85s/it]
Task 2, Epoch 30/30 => Loss 1.162, Train_accy 72.90, Test_accy 64.42: 100%|██████████| 30/30 [4:39:23<00:00, 490.17s/it]
Task 2, Epoch 30/30 => Loss 1.162, Train_accy 72.90, Test_accy 64.42: 100%|██████████| 30/30 [4:39:23<00:00, 558.80s/it]
2023-11-30 06:21:53,164 [prefix_prompt_tuning.py] => Task 2, Epoch 30/30 => Loss 1.162, Train_accy 72.90, Test_accy 64.42
/vepfs/aminer/glmrec/miniconda3/envs/coda-s-prompt/lib/python3.10/site-packages/sklearn/cluster/_kmeans.py:1416: FutureWarning: The default value of `n_init` will change from 10 to 'auto' in 1.4. Set the value of `n_init` explicitly to suppress the warning
  super()._check_params_vs_input(X, default_n_init=10)
2023-11-30 06:30:12,449 [trainer.py] => CNN: {'total': 73.27, '00-344': 80.75, '345-689': 60.58, '690-1034': 77.33, 'old': 70.33, 'new': 77.33}
2023-11-30 06:30:12,452 [trainer.py] => CNN top1 curve: [81.75, 70.92, 73.27]
2023-11-30 06:30:12,453 [trainer.py] => All params: 152900097
2023-11-30 06:30:12,453 [trainer.py] => Trainable params: 3238400
2023-11-30 06:30:12,454 [prefix_prompt_tuning.py] => Learning on 1035-1380
Parameters to be updated: {'prefix_prompt.e_p_7', 'prefix_prompt.e_p_5', 'prefix_prompt.e_p_3', 'prefix_prompt.e_p_1', 'prefix_prompt.e_p_9', 'prefix_prompt.e_p_2', 'classifier_pool.3.ctx', 'share_prompt.weight', 'prefix_prompt.e_p_6', 'prefix_prompt.e_p_4', 'prefix_prompt.e_p_8', 'prefix_prompt.e_p_10'},count:3238400

  0%|          | 0/30 [00:00<?, ?it/s]
Task 3, Epoch 1/30 => Loss 4.033, Train_accy 19.19, Test_accy 44.64:   0%|          | 0/30 [16:21<?, ?it/s]
Task 3, Epoch 1/30 => Loss 4.033, Train_accy 19.19, Test_accy 44.64:   3%|▎         | 1/30 [16:21<7:54:15, 981.22s/it]
Task 3, Epoch 2/30 => Loss 3.483, Train_accy 26.17, Test_accy 46.03:   3%|▎         | 1/30 [32:43<7:54:15, 981.22s/it]
Task 3, Epoch 2/30 => Loss 3.483, Train_accy 26.17, Test_accy 46.03:   7%|▋         | 2/30 [32:43<7:38:06, 981.67s/it]
Task 3, Epoch 3/30 => Loss 3.264, Train_accy 29.34, Test_accy 46.93:   7%|▋         | 2/30 [49:01<7:38:06, 981.67s/it]
Task 3, Epoch 3/30 => Loss 3.264, Train_accy 29.34, Test_accy 46.93:  10%|█         | 3/30 [49:01<7:21:01, 980.04s/it]
Task 3, Epoch 4/30 => Loss 3.144, Train_accy 31.17, Test_accy 46.98:  10%|█         | 3/30 [1:05:18<7:21:01, 980.04s/it]
Task 3, Epoch 4/30 => Loss 3.144, Train_accy 31.17, Test_accy 46.98:  13%|█▎        | 4/30 [1:05:18<7:04:15, 979.07s/it]
Task 3, Epoch 5/30 => Loss 3.050, Train_accy 32.64, Test_accy 46.98:  13%|█▎        | 4/30 [1:21:41<7:04:15, 979.07s/it]
Task 3, Epoch 5/30 => Loss 3.050, Train_accy 32.64, Test_accy 46.98:  17%|█▋        | 5/30 [1:21:41<6:48:25, 980.22s/it]
Task 3, Epoch 6/30 => Loss 2.987, Train_accy 33.83, Test_accy 47.31:  17%|█▋        | 5/30 [1:37:57<6:48:25, 980.22s/it]
Task 3, Epoch 6/30 => Loss 2.987, Train_accy 33.83, Test_accy 47.31:  20%|██        | 6/30 [1:37:57<6:31:31, 978.83s/it]
Task 3, Epoch 7/30 => Loss 2.930, Train_accy 34.66, Test_accy 47.70:  20%|██        | 6/30 [1:54:18<6:31:31, 978.83s/it]
Task 3, Epoch 7/30 => Loss 2.930, Train_accy 34.66, Test_accy 47.70:  23%|██▎       | 7/30 [1:54:18<6:15:29, 979.55s/it]
Task 3, Epoch 8/30 => Loss 2.886, Train_accy 35.42, Test_accy 48.28:  23%|██▎       | 7/30 [2:10:30<6:15:29, 979.55s/it]
Task 3, Epoch 8/30 => Loss 2.886, Train_accy 35.42, Test_accy 48.28:  27%|██▋       | 8/30 [2:10:30<5:58:20, 977.32s/it]
Task 3, Epoch 9/30 => Loss 2.848, Train_accy 36.23, Test_accy 48.00:  27%|██▋       | 8/30 [2:26:46<5:58:20, 977.32s/it]
Task 3, Epoch 9/30 => Loss 2.848, Train_accy 36.23, Test_accy 48.00:  30%|███       | 9/30 [2:26:46<5:41:55, 976.94s/it]
Task 3, Epoch 10/30 => Loss 2.811, Train_accy 36.71, Test_accy 48.07:  30%|███       | 9/30 [2:43:00<5:41:55, 976.94s/it]
Task 3, Epoch 10/30 => Loss 2.811, Train_accy 36.71, Test_accy 48.07:  33%|███▎      | 10/30 [2:43:00<5:25:18, 975.91s/it]
Task 3, Epoch 11/30 => Loss 2.776, Train_accy 37.41, Test_accy 48.75:  33%|███▎      | 10/30 [2:59:15<5:25:18, 975.91s/it]
Task 3, Epoch 11/30 => Loss 2.776, Train_accy 37.41, Test_accy 48.75:  37%|███▋      | 11/30 [2:59:15<5:08:56, 975.60s/it]
Task 3, Epoch 12/30 => Loss 2.748, Train_accy 37.85, Test_accy 48.03:  37%|███▋      | 11/30 [3:15:39<5:08:56, 975.60s/it]
Task 3, Epoch 12/30 => Loss 2.748, Train_accy 37.85, Test_accy 48.03:  40%|████      | 12/30 [3:15:39<4:53:25, 978.11s/it]
Task 3, Epoch 13/30 => Loss 2.728, Train_accy 38.30, Test_accy 48.84:  40%|████      | 12/30 [3:30:58<4:53:25, 978.11s/it]
Task 3, Epoch 13/30 => Loss 2.728, Train_accy 38.30, Test_accy 48.84:  43%|████▎     | 13/30 [3:30:58<4:32:06, 960.38s/it]
Task 3, Epoch 14/30 => Loss 2.705, Train_accy 38.70, Test_accy 48.78:  43%|████▎     | 13/30 [3:47:37<4:32:06, 960.38s/it]
Task 3, Epoch 14/30 => Loss 2.705, Train_accy 38.70, Test_accy 48.78:  47%|████▋     | 14/30 [3:47:37<4:19:12, 972.00s/it]
Task 3, Epoch 15/30 => Loss 2.684, Train_accy 39.01, Test_accy 48.28:  47%|████▋     | 14/30 [4:04:18<4:19:12, 972.00s/it]
Task 3, Epoch 15/30 => Loss 2.684, Train_accy 39.01, Test_accy 48.28:  50%|█████     | 15/30 [4:04:18<4:05:10, 980.71s/it]
Task 3, Epoch 16/30 => Loss 2.648, Train_accy 39.46, Test_accy 49.19:  50%|█████     | 15/30 [4:21:25<4:05:10, 980.71s/it]
Task 3, Epoch 16/30 => Loss 2.648, Train_accy 39.46, Test_accy 49.19:  53%|█████▎    | 16/30 [4:21:25<3:52:06, 994.72s/it]
Task 3, Epoch 17/30 => Loss 2.637, Train_accy 39.85, Test_accy 48.23:  53%|█████▎    | 16/30 [4:37:57<3:52:06, 994.72s/it]
Task 3, Epoch 17/30 => Loss 2.637, Train_accy 39.85, Test_accy 48.23:  57%|█████▋    | 17/30 [4:37:57<3:35:17, 993.65s/it]
Task 3, Epoch 18/30 => Loss 2.601, Train_accy 40.40, Test_accy 49.07:  57%|█████▋    | 17/30 [4:54:38<3:35:17, 993.65s/it]
Task 3, Epoch 18/30 => Loss 2.601, Train_accy 40.40, Test_accy 49.07:  60%|██████    | 18/30 [4:54:38<3:19:12, 996.07s/it]
Task 3, Epoch 19/30 => Loss 2.593, Train_accy 40.79, Test_accy 48.61:  60%|██████    | 18/30 [5:11:20<3:19:12, 996.07s/it]
Task 3, Epoch 19/30 => Loss 2.593, Train_accy 40.79, Test_accy 48.61:  63%|██████▎   | 19/30 [5:11:20<3:02:56, 997.89s/it]
Task 3, Epoch 20/30 => Loss 2.567, Train_accy 41.23, Test_accy 48.52:  63%|██████▎   | 19/30 [5:27:38<3:02:56, 997.89s/it]
Task 3, Epoch 20/30 => Loss 2.567, Train_accy 41.23, Test_accy 48.52:  67%|██████▋   | 20/30 [5:27:38<2:45:17, 991.75s/it]
Task 3, Epoch 21/30 => Loss 2.548, Train_accy 41.49, Test_accy 48.76:  67%|██████▋   | 20/30 [5:43:04<2:45:17, 991.75s/it]
Task 3, Epoch 21/30 => Loss 2.548, Train_accy 41.49, Test_accy 48.76:  70%|███████   | 21/30 [5:43:04<2:25:47, 971.92s/it]
Task 3, Epoch 22/30 => Loss 2.528, Train_accy 41.85, Test_accy 48.50:  70%|███████   | 21/30 [5:59:27<2:25:47, 971.92s/it]
Task 3, Epoch 22/30 => Loss 2.528, Train_accy 41.85, Test_accy 48.50:  73%|███████▎  | 22/30 [5:59:27<2:10:02, 975.28s/it]
Task 3, Epoch 23/30 => Loss 2.513, Train_accy 42.17, Test_accy 48.91:  73%|███████▎  | 22/30 [6:15:36<2:10:02, 975.28s/it]
Task 3, Epoch 23/30 => Loss 2.513, Train_accy 42.17, Test_accy 48.91:  77%|███████▋  | 23/30 [6:15:36<1:53:35, 973.60s/it]
Task 3, Epoch 24/30 => Loss 2.502, Train_accy 42.29, Test_accy 48.84:  77%|███████▋  | 23/30 [6:31:47<1:53:35, 973.60s/it]
Task 3, Epoch 24/30 => Loss 2.502, Train_accy 42.29, Test_accy 48.84:  80%|████████  | 24/30 [6:31:47<1:37:15, 972.63s/it]
Task 3, Epoch 25/30 => Loss 2.480, Train_accy 42.84, Test_accy 48.89:  80%|████████  | 24/30 [6:47:59<1:37:15, 972.63s/it]
Task 3, Epoch 25/30 => Loss 2.480, Train_accy 42.84, Test_accy 48.89:  83%|████████▎ | 25/30 [6:47:59<1:21:02, 972.56s/it]
Task 3, Epoch 26/30 => Loss 2.468, Train_accy 42.89, Test_accy 48.96:  83%|████████▎ | 25/30 [7:04:09<1:21:02, 972.56s/it]
Task 3, Epoch 26/30 => Loss 2.468, Train_accy 42.89, Test_accy 48.96:  87%|████████▋ | 26/30 [7:04:09<1:04:47, 971.87s/it]
Task 3, Epoch 27/30 => Loss 2.465, Train_accy 42.81, Test_accy 48.93:  87%|████████▋ | 26/30 [7:20:24<1:04:47, 971.87s/it]
Task 3, Epoch 27/30 => Loss 2.465, Train_accy 42.81, Test_accy 48.93:  90%|█████████ | 27/30 [7:20:24<48:37, 972.64s/it]  
Task 3, Epoch 28/30 => Loss 2.445, Train_accy 43.55, Test_accy 48.95:  90%|█████████ | 27/30 [7:36:34<48:37, 972.64s/it]
Task 3, Epoch 28/30 => Loss 2.445, Train_accy 43.55, Test_accy 48.95:  93%|█████████▎| 28/30 [7:36:34<32:23, 971.83s/it]
Task 3, Epoch 29/30 => Loss 2.437, Train_accy 43.47, Test_accy 48.88:  93%|█████████▎| 28/30 [7:52:44<32:23, 971.83s/it]
Task 3, Epoch 29/30 => Loss 2.437, Train_accy 43.47, Test_accy 48.88:  97%|█████████▋| 29/30 [7:52:44<16:11, 971.51s/it]
Task 3, Epoch 30/30 => Loss 2.428, Train_accy 43.96, Test_accy 48.88:  97%|█████████▋| 29/30 [8:08:53<16:11, 971.51s/it]
Task 3, Epoch 30/30 => Loss 2.428, Train_accy 43.96, Test_accy 48.88: 100%|██████████| 30/30 [8:08:53<00:00, 970.64s/it]
Task 3, Epoch 30/30 => Loss 2.428, Train_accy 43.96, Test_accy 48.88: 100%|██████████| 30/30 [8:08:53<00:00, 977.79s/it]
2023-11-30 14:39:07,152 [prefix_prompt_tuning.py] => Task 3, Epoch 30/30 => Loss 2.428, Train_accy 43.96, Test_accy 48.88
/vepfs/aminer/glmrec/miniconda3/envs/coda-s-prompt/lib/python3.10/site-packages/sklearn/cluster/_kmeans.py:1416: FutureWarning: The default value of `n_init` will change from 10 to 'auto' in 1.4. Set the value of `n_init` explicitly to suppress the warning
  super()._check_params_vs_input(X, default_n_init=10)
2023-11-30 14:55:44,986 [trainer.py] => CNN: {'total': 68.09, '00-344': 80.55, '345-689': 60.57, '690-1034': 77.3, '1035-1379': 62.95, 'old': 73.21, 'new': 62.95}
2023-11-30 14:55:44,988 [trainer.py] => CNN top1 curve: [81.75, 70.92, 73.27, 68.09]
2023-11-30 14:55:44,990 [trainer.py] => All params: 152900097
2023-11-30 14:55:44,991 [trainer.py] => Trainable params: 3238400
2023-11-30 14:55:44,991 [prefix_prompt_tuning.py] => Learning on 1380-1725
Parameters to be updated: {'prefix_prompt.e_p_7', 'prefix_prompt.e_p_5', 'prefix_prompt.e_p_3', 'prefix_prompt.e_p_1', 'prefix_prompt.e_p_9', 'prefix_prompt.e_p_2', 'share_prompt.weight', 'prefix_prompt.e_p_6', 'prefix_prompt.e_p_4', 'prefix_prompt.e_p_8', 'classifier_pool.4.ctx', 'prefix_prompt.e_p_10'},count:3238400

  0%|          | 0/30 [00:00<?, ?it/s]
Task 4, Epoch 1/30 => Loss 0.892, Train_accy 78.29, Test_accy 54.53:   0%|          | 0/30 [18:16<?, ?it/s]
Task 4, Epoch 1/30 => Loss 0.892, Train_accy 78.29, Test_accy 54.53:   3%|▎         | 1/30 [18:16<8:49:57, 1096.46s/it]
Task 4, Epoch 2/30 => Loss 0.835, Train_accy 79.57, Test_accy 54.92:   3%|▎         | 1/30 [36:27<8:49:57, 1096.46s/it]
Task 4, Epoch 2/30 => Loss 0.835, Train_accy 79.57, Test_accy 54.92:   7%|▋         | 2/30 [36:27<8:30:10, 1093.24s/it]
Task 4, Epoch 3/30 => Loss 0.800, Train_accy 80.22, Test_accy 55.35:   7%|▋         | 2/30 [54:30<8:30:10, 1093.24s/it]
Task 4, Epoch 3/30 => Loss 0.800, Train_accy 80.22, Test_accy 55.35:  10%|█         | 3/30 [54:30<8:09:46, 1088.40s/it]
Task 4, Epoch 4/30 => Loss 0.787, Train_accy 80.36, Test_accy 55.50:  10%|█         | 3/30 [1:12:56<8:09:46, 1088.40s/it]
Task 4, Epoch 4/30 => Loss 0.787, Train_accy 80.36, Test_accy 55.50:  13%|█▎        | 4/30 [1:12:56<7:54:38, 1095.33s/it]
Task 4, Epoch 5/30 => Loss 0.771, Train_accy 80.72, Test_accy 55.13:  13%|█▎        | 4/30 [1:30:29<7:54:38, 1095.33s/it]
Task 4, Epoch 5/30 => Loss 0.771, Train_accy 80.72, Test_accy 55.13:  17%|█▋        | 5/30 [1:30:29<7:30:06, 1080.26s/it]
Task 4, Epoch 6/30 => Loss 0.768, Train_accy 80.85, Test_accy 55.20:  17%|█▋        | 5/30 [1:48:20<7:30:06, 1080.26s/it]
Task 4, Epoch 6/30 => Loss 0.768, Train_accy 80.85, Test_accy 55.20:  20%|██        | 6/30 [1:48:20<7:10:53, 1077.23s/it]
Task 4, Epoch 7/30 => Loss 0.754, Train_accy 81.07, Test_accy 55.28:  20%|██        | 6/30 [2:06:33<7:10:53, 1077.23s/it]
Task 4, Epoch 7/30 => Loss 0.754, Train_accy 81.07, Test_accy 55.28:  23%|██▎       | 7/30 [2:06:33<6:54:50, 1082.22s/it]
Task 4, Epoch 8/30 => Loss 0.757, Train_accy 80.99, Test_accy 55.42:  23%|██▎       | 7/30 [2:24:43<6:54:50, 1082.22s/it]
Task 4, Epoch 8/30 => Loss 0.757, Train_accy 80.99, Test_accy 55.42:  27%|██▋       | 8/30 [2:24:43<6:37:43, 1084.73s/it]
Task 4, Epoch 9/30 => Loss 0.747, Train_accy 81.17, Test_accy 55.54:  27%|██▋       | 8/30 [2:42:51<6:37:43, 1084.73s/it]
Task 4, Epoch 9/30 => Loss 0.747, Train_accy 81.17, Test_accy 55.54:  30%|███       | 9/30 [2:42:51<6:19:58, 1085.64s/it]
Task 4, Epoch 10/30 => Loss 0.742, Train_accy 81.28, Test_accy 54.74:  30%|███       | 9/30 [3:01:04<6:19:58, 1085.64s/it]
Task 4, Epoch 10/30 => Loss 0.742, Train_accy 81.28, Test_accy 54.74:  33%|███▎      | 10/30 [3:01:05<6:02:43, 1088.17s/it]
Task 4, Epoch 11/30 => Loss 0.738, Train_accy 81.41, Test_accy 55.23:  33%|███▎      | 10/30 [3:19:03<6:02:43, 1088.17s/it]
Task 4, Epoch 11/30 => Loss 0.738, Train_accy 81.41, Test_accy 55.23:  37%|███▋      | 11/30 [3:19:03<5:43:36, 1085.08s/it]
Task 4, Epoch 12/30 => Loss 0.733, Train_accy 81.55, Test_accy 54.91:  37%|███▋      | 11/30 [3:37:11<5:43:36, 1085.08s/it]
Task 4, Epoch 12/30 => Loss 0.733, Train_accy 81.55, Test_accy 54.91:  40%|████      | 12/30 [3:37:11<5:25:49, 1086.09s/it]
Task 4, Epoch 13/30 => Loss 0.727, Train_accy 81.79, Test_accy 55.30:  40%|████      | 12/30 [3:59:48<5:25:49, 1086.09s/it]
Task 4, Epoch 13/30 => Loss 0.727, Train_accy 81.79, Test_accy 55.30:  43%|████▎     | 13/30 [3:59:48<5:30:59, 1168.19s/it]
Task 4, Epoch 14/30 => Loss 0.718, Train_accy 81.71, Test_accy 54.90:  43%|████▎     | 13/30 [4:18:00<5:30:59, 1168.19s/it]
Task 4, Epoch 14/30 => Loss 0.718, Train_accy 81.71, Test_accy 54.90:  47%|████▋     | 14/30 [4:18:00<5:05:22, 1145.14s/it]
Task 4, Epoch 15/30 => Loss 0.719, Train_accy 81.77, Test_accy 54.90:  47%|████▋     | 14/30 [4:36:15<5:05:22, 1145.14s/it]
Task 4, Epoch 15/30 => Loss 0.719, Train_accy 81.77, Test_accy 54.90:  50%|█████     | 15/30 [4:36:15<4:42:31, 1130.12s/it]
Task 4, Epoch 16/30 => Loss 0.711, Train_accy 82.08, Test_accy 55.18:  50%|█████     | 15/30 [4:54:27<4:42:31, 1130.12s/it]
Task 4, Epoch 16/30 => Loss 0.711, Train_accy 82.08, Test_accy 55.18:  53%|█████▎    | 16/30 [4:54:27<4:20:59, 1118.54s/it]
Task 4, Epoch 17/30 => Loss 0.713, Train_accy 81.96, Test_accy 54.94:  53%|█████▎    | 16/30 [5:12:45<4:20:59, 1118.54s/it]
Task 4, Epoch 17/30 => Loss 0.713, Train_accy 81.96, Test_accy 54.94:  57%|█████▋    | 17/30 [5:12:45<4:01:00, 1112.31s/it]
Task 4, Epoch 18/30 => Loss 0.704, Train_accy 82.13, Test_accy 55.21:  57%|█████▋    | 17/30 [5:31:12<4:01:00, 1112.31s/it]
Task 4, Epoch 18/30 => Loss 0.704, Train_accy 82.13, Test_accy 55.21:  60%|██████    | 18/30 [5:31:12<3:42:09, 1110.79s/it]
Task 4, Epoch 19/30 => Loss 0.693, Train_accy 82.39, Test_accy 55.19:  60%|██████    | 18/30 [5:49:26<3:42:09, 1110.79s/it]
Task 4, Epoch 19/30 => Loss 0.693, Train_accy 82.39, Test_accy 55.19:  63%|██████▎   | 19/30 [5:49:26<3:22:41, 1105.62s/it]
Task 4, Epoch 20/30 => Loss 0.702, Train_accy 82.23, Test_accy 54.92:  63%|██████▎   | 19/30 [6:07:55<3:22:41, 1105.62s/it]
Task 4, Epoch 20/30 => Loss 0.702, Train_accy 82.23, Test_accy 54.92:  67%|██████▋   | 20/30 [6:07:55<3:04:26, 1106.63s/it]
Task 4, Epoch 21/30 => Loss 0.690, Train_accy 82.43, Test_accy 55.00:  67%|██████▋   | 20/30 [6:26:21<3:04:26, 1106.63s/it]
Task 4, Epoch 21/30 => Loss 0.690, Train_accy 82.43, Test_accy 55.00:  70%|███████   | 21/30 [6:26:21<2:45:58, 1106.52s/it]
Task 4, Epoch 22/30 => Loss 0.684, Train_accy 82.62, Test_accy 55.16:  70%|███████   | 21/30 [6:44:42<2:45:58, 1106.52s/it]
Task 4, Epoch 22/30 => Loss 0.684, Train_accy 82.62, Test_accy 55.16:  73%|███████▎  | 22/30 [6:44:42<2:27:20, 1105.04s/it]
Task 4, Epoch 23/30 => Loss 0.685, Train_accy 82.60, Test_accy 54.87:  73%|███████▎  | 22/30 [7:03:09<2:27:20, 1105.04s/it]
Task 4, Epoch 23/30 => Loss 0.685, Train_accy 82.60, Test_accy 54.87:  77%|███████▋  | 23/30 [7:03:09<2:08:58, 1105.47s/it]
Task 4, Epoch 24/30 => Loss 0.679, Train_accy 82.60, Test_accy 55.11:  77%|███████▋  | 23/30 [7:21:28<2:08:58, 1105.47s/it]
Task 4, Epoch 24/30 => Loss 0.679, Train_accy 82.60, Test_accy 55.11:  80%|████████  | 24/30 [7:21:28<1:50:21, 1103.54s/it]
Task 4, Epoch 25/30 => Loss 0.674, Train_accy 82.83, Test_accy 54.76:  80%|████████  | 24/30 [7:39:41<1:50:21, 1103.54s/it]
Task 4, Epoch 25/30 => Loss 0.674, Train_accy 82.83, Test_accy 54.76:  83%|████████▎ | 25/30 [7:39:41<1:31:42, 1100.53s/it]
Task 4, Epoch 26/30 => Loss 0.670, Train_accy 82.94, Test_accy 54.84:  83%|████████▎ | 25/30 [7:58:30<1:31:42, 1100.53s/it]
Task 4, Epoch 26/30 => Loss 0.670, Train_accy 82.94, Test_accy 54.84:  87%|████████▋ | 26/30 [7:58:30<1:13:56, 1109.05s/it]
Task 4, Epoch 27/30 => Loss 0.674, Train_accy 82.85, Test_accy 54.77:  87%|████████▋ | 26/30 [8:18:25<1:13:56, 1109.05s/it]
Task 4, Epoch 27/30 => Loss 0.674, Train_accy 82.85, Test_accy 54.77:  90%|█████████ | 27/30 [8:18:25<56:44, 1134.85s/it]  
Task 4, Epoch 28/30 => Loss 0.674, Train_accy 82.86, Test_accy 54.77:  90%|█████████ | 27/30 [8:37:00<56:44, 1134.85s/it]
Task 4, Epoch 28/30 => Loss 0.674, Train_accy 82.86, Test_accy 54.77:  93%|█████████▎| 28/30 [8:37:00<37:37, 1128.88s/it]
Task 4, Epoch 29/30 => Loss 0.671, Train_accy 82.87, Test_accy 54.80:  93%|█████████▎| 28/30 [8:55:34<37:37, 1128.88s/it]
Task 4, Epoch 29/30 => Loss 0.671, Train_accy 82.87, Test_accy 54.80:  97%|█████████▋| 29/30 [8:55:34<18:44, 1124.32s/it]
Task 4, Epoch 30/30 => Loss 0.665, Train_accy 82.97, Test_accy 54.83:  97%|█████████▋| 29/30 [9:22:52<18:44, 1124.32s/it]
Task 4, Epoch 30/30 => Loss 0.665, Train_accy 82.97, Test_accy 54.83: 100%|██████████| 30/30 [9:22:52<00:00, 1278.32s/it]
Task 4, Epoch 30/30 => Loss 0.665, Train_accy 82.97, Test_accy 54.83: 100%|██████████| 30/30 [9:22:52<00:00, 1125.74s/it]
2023-12-01 00:18:38,103 [prefix_prompt_tuning.py] => Task 4, Epoch 30/30 => Loss 0.665, Train_accy 82.97, Test_accy 54.83
/vepfs/aminer/glmrec/miniconda3/envs/coda-s-prompt/lib/python3.10/site-packages/sklearn/cluster/_kmeans.py:1416: FutureWarning: The default value of `n_init` will change from 10 to 'auto' in 1.4. Set the value of `n_init` explicitly to suppress the warning
  super()._check_params_vs_input(X, default_n_init=10)
2023-12-01 00:48:12,593 [trainer.py] => CNN: {'total': 73.77, '00-344': 80.48, '345-689': 60.69, '690-1034': 76.15, '1035-1379': 62.95, '1380-1724': 85.57, 'old': 67.86, 'new': 85.57}
2023-12-01 00:48:12,599 [trainer.py] => CNN top1 curve: [81.75, 70.92, 73.27, 68.09, 73.77]
2023-12-01 00:48:12,603 [trainer.py] => All params: 152900097
2023-12-01 00:48:12,605 [trainer.py] => Trainable params: 3238400
2023-12-01 00:48:12,605 [prefix_prompt_tuning.py] => Learning on 1725-2070
Parameters to be updated: {'prefix_prompt.e_p_7', 'prefix_prompt.e_p_5', 'prefix_prompt.e_p_3', 'prefix_prompt.e_p_1', 'classifier_pool.5.ctx', 'prefix_prompt.e_p_9', 'prefix_prompt.e_p_2', 'share_prompt.weight', 'prefix_prompt.e_p_6', 'prefix_prompt.e_p_4', 'prefix_prompt.e_p_8', 'prefix_prompt.e_p_10'},count:3238400

  0%|          | 0/30 [00:00<?, ?it/s]
Task 5, Epoch 1/30 => Loss 2.046, Train_accy 56.57, Test_accy 56.09:   0%|          | 0/30 [21:15<?, ?it/s]
Task 5, Epoch 1/30 => Loss 2.046, Train_accy 56.57, Test_accy 56.09:   3%|▎         | 1/30 [21:15<10:16:30, 1275.53s/it]
Task 5, Epoch 2/30 => Loss 1.868, Train_accy 59.07, Test_accy 55.23:   3%|▎         | 1/30 [42:05<10:16:30, 1275.53s/it]
Task 5, Epoch 2/30 => Loss 1.868, Train_accy 59.07, Test_accy 55.23:   7%|▋         | 2/30 [42:05<9:48:18, 1260.67s/it] 
Task 5, Epoch 3/30 => Loss 1.804, Train_accy 60.19, Test_accy 55.41:   7%|▋         | 2/30 [58:10<9:48:18, 1260.67s/it]
Task 5, Epoch 3/30 => Loss 1.804, Train_accy 60.19, Test_accy 55.41:  10%|█         | 3/30 [58:10<8:26:32, 1125.64s/it]
Task 5, Epoch 4/30 => Loss 1.753, Train_accy 61.06, Test_accy 54.68:  10%|█         | 3/30 [1:13:28<8:26:32, 1125.64s/it]
Task 5, Epoch 4/30 => Loss 1.753, Train_accy 61.06, Test_accy 54.68:  13%|█▎        | 4/30 [1:13:28<7:32:17, 1043.75s/it]
Task 5, Epoch 5/30 => Loss 1.723, Train_accy 61.50, Test_accy 53.00:  13%|█▎        | 4/30 [1:29:02<7:32:17, 1043.75s/it]
Task 5, Epoch 5/30 => Loss 1.723, Train_accy 61.50, Test_accy 53.00:  17%|█▋        | 5/30 [1:29:02<6:58:23, 1004.15s/it]
Task 5, Epoch 6/30 => Loss 1.714, Train_accy 61.64, Test_accy 53.77:  17%|█▋        | 5/30 [1:44:12<6:58:23, 1004.15s/it]
Task 5, Epoch 6/30 => Loss 1.714, Train_accy 61.64, Test_accy 53.77:  20%|██        | 6/30 [1:44:12<6:28:48, 972.01s/it] 
Task 5, Epoch 7/30 => Loss 1.686, Train_accy 62.20, Test_accy 53.34:  20%|██        | 6/30 [1:57:38<6:28:48, 972.01s/it]
Task 5, Epoch 7/30 => Loss 1.686, Train_accy 62.20, Test_accy 53.34:  23%|██▎       | 7/30 [1:57:38<5:51:50, 917.85s/it]
Task 5, Epoch 8/30 => Loss 1.677, Train_accy 62.55, Test_accy 53.67:  23%|██▎       | 7/30 [2:14:15<5:51:50, 917.85s/it]
Task 5, Epoch 8/30 => Loss 1.677, Train_accy 62.55, Test_accy 53.67:  27%|██▋       | 8/30 [2:14:15<5:45:46, 943.01s/it]
Task 5, Epoch 9/30 => Loss 1.661, Train_accy 62.65, Test_accy 50.79:  27%|██▋       | 8/30 [2:29:37<5:45:46, 943.01s/it]
Task 5, Epoch 9/30 => Loss 1.661, Train_accy 62.65, Test_accy 50.79:  30%|███       | 9/30 [2:29:37<5:27:43, 936.38s/it]
Task 5, Epoch 10/30 => Loss 1.644, Train_accy 63.02, Test_accy 53.12:  30%|███       | 9/30 [2:46:16<5:27:43, 936.38s/it]
Task 5, Epoch 10/30 => Loss 1.644, Train_accy 63.02, Test_accy 53.12:  33%|███▎      | 10/30 [2:46:16<5:18:32, 955.61s/it]
Task 5, Epoch 11/30 => Loss 1.635, Train_accy 63.09, Test_accy 53.04:  33%|███▎      | 10/30 [3:03:46<5:18:32, 955.61s/it]
Task 5, Epoch 11/30 => Loss 1.635, Train_accy 63.09, Test_accy 53.04:  37%|███▋      | 11/30 [3:03:46<5:11:47, 984.59s/it]
Task 5, Epoch 12/30 => Loss 1.630, Train_accy 63.26, Test_accy 52.80:  37%|███▋      | 11/30 [3:23:45<5:11:47, 984.59s/it]
Task 5, Epoch 12/30 => Loss 1.630, Train_accy 63.26, Test_accy 52.80:  40%|████      | 12/30 [3:23:45<5:14:57, 1049.88s/it]
Task 5, Epoch 13/30 => Loss 1.605, Train_accy 63.86, Test_accy 51.11:  40%|████      | 12/30 [3:45:00<5:14:57, 1049.88s/it]
Task 5, Epoch 13/30 => Loss 1.605, Train_accy 63.86, Test_accy 51.11:  43%|████▎     | 13/30 [3:45:00<5:16:46, 1118.01s/it]
Task 5, Epoch 14/30 => Loss 1.595, Train_accy 63.78, Test_accy 52.25:  43%|████▎     | 13/30 [4:05:44<5:16:46, 1118.01s/it]
Task 5, Epoch 14/30 => Loss 1.595, Train_accy 63.78, Test_accy 52.25:  47%|████▋     | 14/30 [4:05:44<5:08:18, 1156.13s/it]
Task 5, Epoch 15/30 => Loss 1.577, Train_accy 64.07, Test_accy 52.69:  47%|████▋     | 14/30 [4:25:46<5:08:18, 1156.13s/it]
Task 5, Epoch 15/30 => Loss 1.577, Train_accy 64.07, Test_accy 52.69:  50%|█████     | 15/30 [4:25:47<4:52:30, 1170.04s/it]
Task 5, Epoch 16/30 => Loss 1.569, Train_accy 64.36, Test_accy 52.89:  50%|█████     | 15/30 [4:45:30<4:52:30, 1170.04s/it]
Task 5, Epoch 16/30 => Loss 1.569, Train_accy 64.36, Test_accy 52.89:  53%|█████▎    | 16/30 [4:45:30<4:33:57, 1174.14s/it]
Task 5, Epoch 17/30 => Loss 1.553, Train_accy 64.59, Test_accy 51.98:  53%|█████▎    | 16/30 [5:06:29<4:33:57, 1174.14s/it]
Task 5, Epoch 17/30 => Loss 1.553, Train_accy 64.59, Test_accy 51.98:  57%|█████▋    | 17/30 [5:06:29<4:19:56, 1199.73s/it]
Task 5, Epoch 18/30 => Loss 1.570, Train_accy 64.27, Test_accy 50.04:  57%|█████▋    | 17/30 [5:26:49<4:19:56, 1199.73s/it]
Task 5, Epoch 18/30 => Loss 1.570, Train_accy 64.27, Test_accy 50.04:  60%|██████    | 18/30 [5:26:49<4:01:08, 1205.73s/it]
Task 5, Epoch 19/30 => Loss 1.538, Train_accy 64.85, Test_accy 50.82:  60%|██████    | 18/30 [5:41:14<4:01:08, 1205.73s/it]
Task 5, Epoch 19/30 => Loss 1.538, Train_accy 64.85, Test_accy 50.82:  63%|██████▎   | 19/30 [5:41:14<3:22:15, 1103.27s/it]
Task 5, Epoch 20/30 => Loss 1.523, Train_accy 65.28, Test_accy 51.00:  63%|██████▎   | 19/30 [5:59:58<3:22:15, 1103.27s/it]
Task 5, Epoch 20/30 => Loss 1.523, Train_accy 65.28, Test_accy 51.00:  67%|██████▋   | 20/30 [5:59:58<3:04:55, 1109.60s/it]
Task 5, Epoch 21/30 => Loss 1.527, Train_accy 65.27, Test_accy 50.31:  67%|██████▋   | 20/30 [6:17:31<3:04:55, 1109.60s/it]
Task 5, Epoch 21/30 => Loss 1.527, Train_accy 65.27, Test_accy 50.31:  70%|███████   | 21/30 [6:17:31<2:43:54, 1092.70s/it]
Task 5, Epoch 22/30 => Loss 1.505, Train_accy 65.70, Test_accy 51.17:  70%|███████   | 21/30 [6:35:54<2:43:54, 1092.70s/it]
Task 5, Epoch 22/30 => Loss 1.505, Train_accy 65.70, Test_accy 51.17:  73%|███████▎  | 22/30 [6:35:54<2:26:05, 1095.69s/it]
Task 5, Epoch 23/30 => Loss 1.494, Train_accy 65.59, Test_accy 50.55:  73%|███████▎  | 22/30 [6:50:24<2:26:05, 1095.69s/it]
Task 5, Epoch 23/30 => Loss 1.494, Train_accy 65.59, Test_accy 50.55:  77%|███████▋  | 23/30 [6:50:24<1:59:55, 1027.86s/it]
Task 5, Epoch 24/30 => Loss 1.492, Train_accy 65.70, Test_accy 50.26:  77%|███████▋  | 23/30 [7:07:04<1:59:55, 1027.86s/it]
Task 5, Epoch 24/30 => Loss 1.492, Train_accy 65.70, Test_accy 50.26:  80%|████████  | 24/30 [7:07:04<1:41:58, 1019.69s/it]
Task 5, Epoch 25/30 => Loss 1.484, Train_accy 65.98, Test_accy 50.80:  80%|████████  | 24/30 [7:23:56<1:41:58, 1019.69s/it]
Task 5, Epoch 25/30 => Loss 1.484, Train_accy 65.98, Test_accy 50.80:  83%|████████▎ | 25/30 [7:23:57<1:24:47, 1017.45s/it]
Task 5, Epoch 26/30 => Loss 1.477, Train_accy 66.20, Test_accy 49.98:  83%|████████▎ | 25/30 [7:39:19<1:24:47, 1017.45s/it]
Task 5, Epoch 26/30 => Loss 1.477, Train_accy 66.20, Test_accy 49.98:  87%|████████▋ | 26/30 [7:39:19<1:05:55, 988.86s/it] 
Task 5, Epoch 27/30 => Loss 1.478, Train_accy 66.15, Test_accy 50.43:  87%|████████▋ | 26/30 [7:55:22<1:05:55, 988.86s/it]
Task 5, Epoch 27/30 => Loss 1.478, Train_accy 66.15, Test_accy 50.43:  90%|█████████ | 27/30 [7:55:22<49:03, 981.33s/it]  
Task 5, Epoch 28/30 => Loss 1.470, Train_accy 66.24, Test_accy 50.30:  90%|█████████ | 27/30 [8:12:16<49:03, 981.33s/it]
Task 5, Epoch 28/30 => Loss 1.470, Train_accy 66.24, Test_accy 50.30:  93%|█████████▎| 28/30 [8:12:16<33:01, 990.91s/it]
Task 5, Epoch 29/30 => Loss 1.464, Train_accy 66.22, Test_accy 50.31:  93%|█████████▎| 28/30 [8:26:38<33:01, 990.91s/it]
Task 5, Epoch 29/30 => Loss 1.464, Train_accy 66.22, Test_accy 50.31:  97%|█████████▋| 29/30 [8:26:38<15:52, 952.25s/it]
Task 5, Epoch 30/30 => Loss 1.465, Train_accy 66.51, Test_accy 50.25:  97%|█████████▋| 29/30 [8:41:10<15:52, 952.25s/it]
Task 5, Epoch 30/30 => Loss 1.465, Train_accy 66.51, Test_accy 50.25: 100%|██████████| 30/30 [8:41:10<00:00, 928.27s/it]
Task 5, Epoch 30/30 => Loss 1.465, Train_accy 66.51, Test_accy 50.25: 100%|██████████| 30/30 [8:41:10<00:00, 1042.35s/it]
2023-12-01 09:29:24,672 [prefix_prompt_tuning.py] => Task 5, Epoch 30/30 => Loss 1.465, Train_accy 66.51, Test_accy 50.25
/vepfs/aminer/glmrec/miniconda3/envs/coda-s-prompt/lib/python3.10/site-packages/sklearn/cluster/_kmeans.py:1416: FutureWarning: The default value of `n_init` will change from 10 to 'auto' in 1.4. Set the value of `n_init` explicitly to suppress the warning
  super()._check_params_vs_input(X, default_n_init=10)
2023-12-01 09:46:49,749 [trainer.py] => CNN: {'total': 73.35, '00-344': 79.55, '345-689': 60.61, '690-1034': 75.72, '1035-1379': 62.93, '1380-1724': 85.42, '1725-2069': 71.8, 'old': 73.56, 'new': 71.8}
2023-12-01 09:46:49,765 [trainer.py] => CNN top1 curve: [81.75, 70.92, 73.27, 68.09, 73.77, 73.35]
